<?xml version="1.0" encoding="UTF-8"?>
<!-- Generated by org.testng.reporters.JUnitXMLReporter -->
<testsuite ignored="0" hostname="DESKTOP-28CK1DU" failures="1" tests="1" name="Add Employee " time="21.244" errors="0" timestamp="2024-06-24T19:56:47 IST">
  <testcase classname="testsLayer.AddEmploy" name="AddEmployeeTest" time="7.702">
    <failure type="java.lang.AssertionError" message="expected [true] but found [false]">
      <![CDATA[java.lang.AssertionError: expected [true] but found [false]
at testsLayer.AddEmploy.AddEmployeeTest(AddEmploy.java:39)
at java.base/java.util.ArrayList.forEach(ArrayList.java:1511)
... Removed 29 stack frames]]>
    </failure>
  </testcase> <!-- AddEmployeeTest -->
</testsuite> <!-- Add Employee  -->
