<?xml version="1.0" encoding="UTF-8"?>
<!-- Generated by org.testng.reporters.JUnitXMLReporter -->
<testsuite ignored="0" hostname="DESKTOP-28CK1DU" failures="0" tests="4" name="LoginDDT" time="84.156" errors="0" timestamp="2024-06-24T15:38:31 IST">
  <testcase classname="testsLayer.LoginDDT" name="loginTestValidIDPass" time="21.702"/>
  <testcase classname="testsLayer.LoginDDT" name="loginTestValidIDPass" time="3.039"/>
  <testcase classname="testsLayer.LoginDDT" name="loginTestValidIDPass" time="3.723"/>
  <testcase classname="testsLayer.LoginDDT" name="loginTestValidIDPass" time="3.109"/>
</testsuite> <!-- LoginDDT -->
