<?xml version="1.0" encoding="UTF-8"?>
<!-- Generated by org.testng.reporters.JUnitXMLReporter -->
<testsuite ignored="0" hostname="DESKTOP-28CK1DU" failures="0" tests="4" name="LoginTestDDT" time="37.794" errors="0" timestamp="2024-06-24T21:47:39 IST">
  <testcase classname="testsLayer.LoginDDT" name="loginTestValidIDPass" time="5.404"/>
  <testcase classname="testsLayer.LoginDDT" name="loginTestValidIDPass" time="1.516"/>
  <testcase classname="testsLayer.LoginDDT" name="loginTestValidIDPass" time="1.331"/>
  <testcase classname="testsLayer.LoginDDT" name="loginTestValidIDPass" time="1.137"/>
</testsuite> <!-- LoginTestDDT -->
