<?xml version="1.0" encoding="UTF-8"?>
<!-- Generated by org.testng.reporters.JUnitXMLReporter -->
<testsuite ignored="0" hostname="DESKTOP-28CK1DU" failures="0" tests="4" name="LoginTestDDT" time="19.964" errors="0" timestamp="2024-06-24T10:31:33 IST">
  <testcase classname="tests.LoginDDT" name="loginTestValidIDPass" time="4.829"/>
  <testcase classname="tests.LoginDDT" name="loginTestValidIDPass" time="1.699"/>
  <testcase classname="tests.LoginDDT" name="loginTestValidIDPass" time="1.842"/>
  <testcase classname="tests.LoginDDT" name="loginTestValidIDPass" time="1.812"/>
</testsuite> <!-- LoginTestDDT -->
