<?xml version="1.0" encoding="UTF-8"?>
<!-- Generated by org.testng.reporters.JUnitXMLReporter -->
<testsuite ignored="0" hostname="DESKTOP-28CK1DU" failures="1" tests="1" name="LoginTestInvalidID" time="126.732" errors="0" timestamp="2024-06-21T19:29:50 IST">
  <testcase classname="tests.LoginTestInvalidID" name="loginTestInValidIDPass" time="14.651">
    <failure type="com.microsoft.playwright.PlaywrightException" message="Error {
  message=&amp;apos;Target page, context or browser has been closed
Browser logs:

&amp;lt;launching&amp;gt; C:\Users\ADMIN\AppData\Local\ms-playwright\firefox-1438\firefox\firefox.exe -no-remote -wait-for-browser -foreground -profile C:\Users\ADMIN\AppData\Local\Temp\playwright_firefoxdev_profile-il5foK -juggler-pipe -silent
&amp;lt;launched&amp;gt; pid=5008
[pid=5008][out] console.warn: services.settings: Ignoring preference override of remote settings server
[pid=5008][out] console.warn: services.settings: Allow by setting MOZ_REMOTE_SETTINGS_DEVTOOLS=1 in the environment
[pid=5008][out] console.error: ({})
[pid=5008][out] 
[pid=5008][out] Juggler listening to the pipe
[pid=5008][out] console.error: &amp;quot;Warning: unrecognized command line flag&amp;quot; &amp;quot;-foreground&amp;quot;
[pid=5008][err] JavaScript error: resource://gre/modules/XULStore.sys.mjs, line 60: Error: Can&amp;apos;t find profile directory.
[pid=5008][out] console.error: (new SyntaxError(&amp;quot;XMLHttpRequest.open: &amp;apos;/buckets/monitor/collections/changes/changeset?collection=anti-tracking-url-decoration&amp;amp;bucket=main&amp;amp;_expected=0&amp;apos; is not a valid URL.&amp;quot;, (void 0), 133))
[pid=5008][out] console.error: (new SyntaxError(&amp;quot;XMLHttpRequest.open: &amp;apos;/buckets/monitor/collections/changes/changeset?collection=query-stripping&amp;amp;bucket=main&amp;amp;_expected=0&amp;apos; is not a valid URL.&amp;quot;, (void 0), 133))
[pid=5008][out] console.error: (new SyntaxError(&amp;quot;XMLHttpRequest.open: &amp;apos;/buckets/monitor/collections/changes/changeset?collection=fingerprinting-protection-overrides&amp;amp;bucket=main&amp;amp;_expected=0&amp;apos; is not a valid URL.&amp;quot;, (void 0), 133))
[pid=5008][out] console.error: (new SyntaxError(&amp;quot;XMLHttpRequest.open: &amp;apos;/buckets/monitor/collections/changes/changeset?collection=partitioning-exempt-urls&amp;amp;bucket=main&amp;amp;_expected=0&amp;apos; is not a valid URL.&amp;quot;, (void 0), 133))
[pid=5008][out] console.error: Region.sys.mjs: &amp;quot;Error fetching region&amp;quot; (new Error(&amp;quot;TIMEOUT&amp;quot;, &amp;quot;resource://gre/modules/Region.sys.mjs&amp;quot;, 759))
[pid=5008][out] console.error: Region.sys.mjs: &amp;quot;Failed to fetch region&amp;quot; (new Error(&amp;quot;TIMEOUT&amp;quot;, &amp;quot;resource://gre/modules/Region.sys.mjs&amp;quot;, 411))
[pid=5008][out] console.error: (new SyntaxError(&amp;quot;XMLHttpRequest.open: &amp;apos;/buckets/monitor/collections/changes/changeset?collection=hijack-blocklists&amp;amp;bucket=main&amp;amp;_expected=0&amp;apos; is not a valid URL.&amp;quot;, (void 0), 133))
[pid=5008][out] console.error: (new SyntaxError(&amp;quot;XMLHttpRequest.open: &amp;apos;/buckets/monitor/collections/changes/changeset?collection=search-telemetry-v2&amp;amp;bucket=main&amp;amp;_expected=0&amp;apos; is not a valid URL.&amp;quot;, (void 0), 133))
[pid=5008][out] console.error: (new SyntaxError(&amp;quot;XMLHttpRequest.open: &amp;apos;/buckets/monitor/collections/changes/changeset?collection=search-config&amp;amp;bucket=main&amp;amp;_expected=0&amp;apos; is not a valid URL.&amp;quot;, (void 0), 133))
[pid=5008][out] console.error: (new SyntaxError(&amp;quot;XMLHttpRequest.open: &amp;apos;/buckets/monitor/collections/changes/changeset?collection=url-classifier-skip-urls&amp;amp;bucket=main&amp;amp;_expected=0&amp;apos; is not a valid URL.&amp;quot;, (void 0), 133))
[pid=5008][out] console.error: (new SyntaxError(&amp;quot;XMLHttpRequest.open: &amp;apos;/buckets/monitor/collections/changes/changeset?collection=top-sites&amp;amp;bucket=main&amp;amp;_expected=0&amp;apos; is not a valid URL.&amp;quot;, (void 0), 133))
[pid=5008][out] console.error: (new SyntaxError(&amp;quot;XMLHttpRequest.open: &amp;apos;/buckets/monitor/collections/changes/changeset?collection=message-groups&amp;amp;bucket=main&amp;amp;_expected=0&amp;apos; is not a valid URL.&amp;quot;, (void 0), 133))
[pid=5008][out] console.error: (new SyntaxError(&amp;quot;XMLHttpRequest.open: &amp;apos;/buckets/monitor/collections/changes/changeset?collection=cfr&amp;amp;bucket=main&amp;amp;_expected=0&amp;apos; is not a valid URL.&amp;quot;, (void 0), 133))
[pid=5008][out] console.error: (new SyntaxError(&amp;quot;XMLHttpRequest.open: &amp;apos;/buckets/monitor/collections/changes/changeset?collection=message-groups&amp;amp;bucket=main&amp;amp;_expected=0&amp;apos; is not a valid URL.&amp;quot;, (void 0), 133))
[pid=5008][out] console.error: (new SyntaxError(&amp;quot;XMLHttpRequest.open: &amp;apos;/buckets/monitor/collections/changes/changeset?collection=whats-new-panel&amp;amp;bucket=main&amp;amp;_expected=0&amp;apos; is not a valid URL.&amp;quot;, (void 0), 133))
[pid=5008][out] console.error: (new SyntaxError(&amp;quot;XMLHttpRequest.open: &amp;apos;/buckets/monitor/collections/changes/changeset?collection=top-sites&amp;amp;bucket=main&amp;amp;_expected=0&amp;apos; is not a valid URL.&amp;quot;, (void 0), 133))
[pid=5008][err] JavaScript warning: resource://gre/modules/UpdateService.sys.mjs, line 3858: unreachable code after return statement
[pid=5008][out] console.error: (new Error(&amp;quot;Polling for changes failed: XMLHttpRequest.open: &amp;apos;/buckets/monitor/collections/changes/changeset?_expected=0&amp;apos; is not a valid URL..&amp;quot;, &amp;quot;resource://services-settings/remote-settings.sys.mjs&amp;quot;, 324))
[pid=5008][out] console.error: (new SyntaxError(&amp;quot;XMLHttpRequest.open: &amp;apos;/buckets/monitor/collections/changes/changeset?collection=top-sites&amp;amp;bucket=main&amp;amp;_expected=0&amp;apos; is not a valid URL.&amp;quot;, (void 0), 133))
[pid=5008][out] console.error: (new SyntaxError(&amp;quot;XMLHttpRequest.open: &amp;apos;/buckets/monitor/collections/changes/changeset?collection=doh-providers&amp;amp;bucket=main&amp;amp;_expected=0&amp;apos; is not a valid URL.&amp;quot;, (void 0), 133))
[pid=5008][out] console.error: (new SyntaxError(&amp;quot;XMLHttpRequest.open: &amp;apos;/buckets/monitor/collections/changes/changeset?collection=doh-config&amp;amp;bucket=main&amp;amp;_expected=0&amp;apos; is not a valid URL.&amp;quot;, (void 0), 133))
[pid=5008] &amp;lt;gracefully close start&amp;gt;
[pid=5008][out] 
[pid=5008][out]         ERROR: Failed &amp;quot;callFunction&amp;quot;: connector for namespace &amp;quot;page&amp;quot; in channel &amp;quot;browser::page[a4be4173-942e-4b02-98f8-1b6da15e1f89]/11/12/3&amp;quot; is disposed. _rejectCallbacksFromConnector@chrome://juggler/content/SimpleChannel.js:108:25
[pid=5008][out] dispose@chrome://juggler/content/SimpleChannel.js:119:27
[pid=5008][out] dispose@chrome://juggler/content/protocol/PageHandler.js:156:23
[pid=5008][out] _dispose@chrome://juggler/content/protocol/Dispatcher.js:116:21
[pid=5008][out] destroySession@chrome://juggler/content/protocol/Dispatcher.js:34:13
[pid=5008][out] dispose@chrome://juggler/content/protocol/BrowserHandler.js:79:24
[pid=5008][out] _dispose@chrome://juggler/content/protocol/Dispatcher.js:116:21
[pid=5008][out] _dispose@chrome://juggler/content/protocol/Dispatcher.js:40:23
[pid=5008][out] observe/browserHandler&amp;lt;@chrome://juggler/content/components/Juggler.js:138:22
[pid=5008][out] Browser.close@chrome://juggler/content/protocol/BrowserHandler.js:150:10
[pid=5008][out] 
[pid=5008][out]       
[pid=5008][out]         ERROR: Failed &amp;quot;callFunction&amp;quot;: connector for namespace &amp;quot;page&amp;quot; in channel &amp;quot;browser::page[a4be4173-942e-4b02-98f8-1b6da15e1f89]/11/12/3&amp;quot; is disposed. _rejectCallbacksFromConnector@chrome://juggler/content/SimpleChannel.js:108:25
[pid=5008][out] dispose@chrome://juggler/content/SimpleChannel.js:119:27
[pid=5008][out] dispose@chrome://juggler/content/protocol/PageHandler.js:156:23
[pid=5008][out] _dispose@chrome://juggler/content/protocol/Dispatcher.js:116:21
[pid=5008][out] destroySession@chrome://juggler/content/protocol/Dispatcher.js:34:13
[pid=5008][out] dispose@chrome://juggler/content/protocol/BrowserHandler.js:79:24
[pid=5008][out] _dispose@chrome://juggler/content/protocol/Dispatcher.js:116:21
[pid=5008][out] _dispose@chrome://juggler/content/protocol/Dispatcher.js:40:23
[pid=5008][out] observe/browserHandler&amp;lt;@chrome://juggler/content/components/Juggler.js:138:22
[pid=5008][out] Browser.close@chrome://juggler/content/protocol/BrowserHandler.js:150:10
[pid=5008][out] 
[pid=5008][err] JavaScript error: chrome://juggler/content/components/Juggler.js, line 130: NS_ERROR_FAILURE: Component returned failure code: 0x80004005 (NS_ERROR_FAILURE) [nsIRemoteDebuggingPipe.sendMessage]
[pid=5008][err] JavaScript error: chrome://juggler/content/components/Juggler.js, line 130: NS_ERROR_FAILURE: Component returned failure code: 0x80004005 (NS_ERROR_FAILURE) [nsIRemoteDebuggingPipe.sendMessage]
[pid=5008][err] JavaScript warning: debugger eval code, line 5156: Script terminated by timeout at:
[pid=5008][err] waitForElementStatesAndPerformAction/&amp;lt;@debugger eval code:5156:27
[pid=5008][err] next@debugger eval code:5043:36
[pid=5008][err] FrameRequestCallback*pollRaf/&amp;lt;@debugger eval code:5029:64
[pid=5008][err] next@debugger eval code:5047:25
[pid=5008][err] poll/&amp;lt;@debugger eval code:5053:7
[pid=5008][err] run@debugger eval code:5089:26
[pid=5008][err] @debugger eval code line 226 &amp;gt; eval:1:14
[pid=5008][err] evaluate@debugger eval code:228:17
[pid=5008][err] @debugger eval code:1:44
[pid=5008][err] 
[pid=5008][out]       
  name=&amp;apos;TargetClosedError
  stack=&amp;apos;TargetClosedError: Target page, context or browser has been closed
Browser logs:

&amp;lt;launching&amp;gt; C:\Users\ADMIN\AppData\Local\ms-playwright\firefox-1438\firefox\firefox.exe -no-remote -wait-for-browser -foreground -profile C:\Users\ADMIN\AppData\Local\Temp\playwright_firefoxdev_profile-il5foK -juggler-pipe -silent
&amp;lt;launched&amp;gt; pid=5008
[pid=5008][out] console.warn: services.settings: Ignoring preference override of remote settings server
[pid=5008][out] console.warn: services.settings: Allow by setting MOZ_REMOTE_SETTINGS_DEVTOOLS=1 in the environment
[pid=5008][out] console.error: ({})
[pid=5008][out] 
[pid=5008][out] Juggler listening to the pipe
[pid=5008][out] console.error: &amp;quot;Warning: unrecognized command line flag&amp;quot; &amp;quot;-foreground&amp;quot;
[pid=5008][err] JavaScript error: resource://gre/modules/XULStore.sys.mjs, line 60: Error: Can&amp;apos;t find profile directory.
[pid=5008][out] console.error: (new SyntaxError(&amp;quot;XMLHttpRequest.open: &amp;apos;/buckets/monitor/collections/changes/changeset?collection=anti-tracking-url-decoration&amp;amp;bucket=main&amp;amp;_expected=0&amp;apos; is not a valid URL.&amp;quot;, (void 0), 133))
[pid=5008][out] console.error: (new SyntaxError(&amp;quot;XMLHttpRequest.open: &amp;apos;/buckets/monitor/collections/changes/changeset?collection=query-stripping&amp;amp;bucket=main&amp;amp;_expected=0&amp;apos; is not a valid URL.&amp;quot;, (void 0), 133))
[pid=5008][out] console.error: (new SyntaxError(&amp;quot;XMLHttpRequest.open: &amp;apos;/buckets/monitor/collections/changes/changeset?collection=fingerprinting-protection-overrides&amp;amp;bucket=main&amp;amp;_expected=0&amp;apos; is not a valid URL.&amp;quot;, (void 0), 133))
[pid=5008][out] console.error: (new SyntaxError(&amp;quot;XMLHttpRequest.open: &amp;apos;/buckets/monitor/collections/changes/changeset?collection=partitioning-exempt-urls&amp;amp;bucket=main&amp;amp;_expected=0&amp;apos; is not a valid URL.&amp;quot;, (void 0), 133))
[pid=5008][out] console.error: Region.sys.mjs: &amp;quot;Error fetching region&amp;quot; (new Error(&amp;quot;TIMEOUT&amp;quot;, &amp;quot;resource://gre/modules/Region.sys.mjs&amp;quot;, 759))
[pid=5008][out] console.error: Region.sys.mjs: &amp;quot;Failed to fetch region&amp;quot; (new Error(&amp;quot;TIMEOUT&amp;quot;, &amp;quot;resource://gre/modules/Region.sys.mjs&amp;quot;, 411))
[pid=5008][out] console.error: (new SyntaxError(&amp;quot;XMLHttpRequest.open: &amp;apos;/buckets/monitor/collections/changes/changeset?collection=hijack-blocklists&amp;amp;bucket=main&amp;amp;_expected=0&amp;apos; is not a valid URL.&amp;quot;, (void 0), 133))
[pid=5008][out] console.error: (new SyntaxError(&amp;quot;XMLHttpRequest.open: &amp;apos;/buckets/monitor/collections/changes/changeset?collection=search-telemetry-v2&amp;amp;bucket=main&amp;amp;_expected=0&amp;apos; is not a valid URL.&amp;quot;, (void 0), 133))
[pid=5008][out] console.error: (new SyntaxError(&amp;quot;XMLHttpRequest.open: &amp;apos;/buckets/monitor/collections/changes/changeset?collection=search-config&amp;amp;bucket=main&amp;amp;_expected=0&amp;apos; is not a valid URL.&amp;quot;, (void 0), 133))
[pid=5008][out] console.error: (new SyntaxError(&amp;quot;XMLHttpRequest.open: &amp;apos;/buckets/monitor/collections/changes/changeset?collection=url-classifier-skip-urls&amp;amp;bucket=main&amp;amp;_expected=0&amp;apos; is not a valid URL.&amp;quot;, (void 0), 133))
[pid=5008][out] console.error: (new SyntaxError(&amp;quot;XMLHttpRequest.open: &amp;apos;/buckets/monitor/collections/changes/changeset?collection=top-sites&amp;amp;bucket=main&amp;amp;_expected=0&amp;apos; is not a valid URL.&amp;quot;, (void 0), 133))
[pid=5008][out] console.error: (new SyntaxError(&amp;quot;XMLHttpRequest.open: &amp;apos;/buckets/monitor/collections/changes/changeset?collection=message-groups&amp;amp;bucket=main&amp;amp;_expected=0&amp;apos; is not a valid URL.&amp;quot;, (void 0), 133))
[pid=5008][out] console.error: (new SyntaxError(&amp;quot;XMLHttpRequest.open: &amp;apos;/buckets/monitor/collections/changes/changeset?collection=cfr&amp;amp;bucket=main&amp;amp;_expected=0&amp;apos; is not a valid URL.&amp;quot;, (void 0), 133))
[pid=5008][out] console.error: (new SyntaxError(&amp;quot;XMLHttpRequest.open: &amp;apos;/buckets/monitor/collections/changes/changeset?collection=message-groups&amp;amp;bucket=main&amp;amp;_expected=0&amp;apos; is not a valid URL.&amp;quot;, (void 0), 133))
[pid=5008][out] console.error: (new SyntaxError(&amp;quot;XMLHttpRequest.open: &amp;apos;/buckets/monitor/collections/changes/changeset?collection=whats-new-panel&amp;amp;bucket=main&amp;amp;_expected=0&amp;apos; is not a valid URL.&amp;quot;, (void 0), 133))
[pid=5008][out] console.error: (new SyntaxError(&amp;quot;XMLHttpRequest.open: &amp;apos;/buckets/monitor/collections/changes/changeset?collection=top-sites&amp;amp;bucket=main&amp;amp;_expected=0&amp;apos; is not a valid URL.&amp;quot;, (void 0), 133))
[pid=5008][err] JavaScript warning: resource://gre/modules/UpdateService.sys.mjs, line 3858: unreachable code after return statement
[pid=5008][out] console.error: (new Error(&amp;quot;Polling for changes failed: XMLHttpRequest.open: &amp;apos;/buckets/monitor/collections/changes/changeset?_expected=0&amp;apos; is not a valid URL..&amp;quot;, &amp;quot;resource://services-settings/remote-settings.sys.mjs&amp;quot;, 324))
[pid=5008][out] console.error: (new SyntaxError(&amp;quot;XMLHttpRequest.open: &amp;apos;/buckets/monitor/collections/changes/changeset?collection=top-sites&amp;amp;bucket=main&amp;amp;_expected=0&amp;apos; is not a valid URL.&amp;quot;, (void 0), 133))
[pid=5008][out] console.error: (new SyntaxError(&amp;quot;XMLHttpRequest.open: &amp;apos;/buckets/monitor/collections/changes/changeset?collection=doh-providers&amp;amp;bucket=main&amp;amp;_expected=0&amp;apos; is not a valid URL.&amp;quot;, (void 0), 133))
[pid=5008][out] console.error: (new SyntaxError(&amp;quot;XMLHttpRequest.open: &amp;apos;/buckets/monitor/collections/changes/changeset?collection=doh-config&amp;amp;bucket=main&amp;amp;_expected=0&amp;apos; is not a valid URL.&amp;quot;, (void 0), 133))
[pid=5008] &amp;lt;gracefully close start&amp;gt;
[pid=5008][out] 
[pid=5008][out]         ERROR: Failed &amp;quot;callFunction&amp;quot;: connector for namespace &amp;quot;page&amp;quot; in channel &amp;quot;browser::page[a4be4173-942e-4b02-98f8-1b6da15e1f89]/11/12/3&amp;quot; is disposed. _rejectCallbacksFromConnector@chrome://juggler/content/SimpleChannel.js:108:25
[pid=5008][out] dispose@chrome://juggler/content/SimpleChannel.js:119:27
[pid=5008][out] dispose@chrome://juggler/content/protocol/PageHandler.js:156:23
[pid=5008][out] _dispose@chrome://juggler/content/protocol/Dispatcher.js:116:21
[pid=5008][out] destroySession@chrome://juggler/content/protocol/Dispatcher.js:34:13
[pid=5008][out] dispose@chrome://juggler/content/protocol/BrowserHandler.js:79:24
[pid=5008][out] _dispose@chrome://juggler/content/protocol/Dispatcher.js:116:21
[pid=5008][out] _dispose@chrome://juggler/content/protocol/Dispatcher.js:40:23
[pid=5008][out] observe/browserHandler&amp;lt;@chrome://juggler/content/components/Juggler.js:138:22
[pid=5008][out] Browser.close@chrome://juggler/content/protocol/BrowserHandler.js:150:10
[pid=5008][out] 
[pid=5008][out]       
[pid=5008][out]         ERROR: Failed &amp;quot;callFunction&amp;quot;: connector for namespace &amp;quot;page&amp;quot; in channel &amp;quot;browser::page[a4be4173-942e-4b02-98f8-1b6da15e1f89]/11/12/3&amp;quot; is disposed. _rejectCallbacksFromConnector@chrome://juggler/content/SimpleChannel.js:108:25
[pid=5008][out] dispose@chrome://juggler/content/SimpleChannel.js:119:27
[pid=5008][out] dispose@chrome://juggler/content/protocol/PageHandler.js:156:23
[pid=5008][out] _dispose@chrome://juggler/content/protocol/Dispatcher.js:116:21
[pid=5008][out] destroySession@chrome://juggler/content/protocol/Dispatcher.js:34:13
[pid=5008][out] dispose@chrome://juggler/content/protocol/BrowserHandler.js:79:24
[pid=5008][out] _dispose@chrome://juggler/content/protocol/Dispatcher.js:116:21
[pid=5008][out] _dispose@chrome://juggler/content/protocol/Dispatcher.js:40:23
[pid=5008][out] observe/browserHandler&amp;lt;@chrome://juggler/content/components/Juggler.js:138:22
[pid=5008][out] Browser.close@chrome://juggler/content/protocol/BrowserHandler.js:150:10
[pid=5008][out] 
[pid=5008][err] JavaScript error: chrome://juggler/content/components/Juggler.js, line 130: NS_ERROR_FAILURE: Component returned failure code: 0x80004005 (NS_ERROR_FAILURE) [nsIRemoteDebuggingPipe.sendMessage]
[pid=5008][err] JavaScript error: chrome://juggler/content/components/Juggler.js, line 130: NS_ERROR_FAILURE: Component returned failure code: 0x80004005 (NS_ERROR_FAILURE) [nsIRemoteDebuggingPipe.sendMessage]
[pid=5008][err] JavaScript warning: debugger eval code, line 5156: Script terminated by timeout at:
[pid=5008][err] waitForElementStatesAndPerformAction/&amp;lt;@debugger eval code:5156:27
[pid=5008][err] next@debugger eval code:5043:36
[pid=5008][err] FrameRequestCallback*pollRaf/&amp;lt;@debugger eval code:5029:64
[pid=5008][err] next@debugger eval code:5047:25
[pid=5008][err] poll/&amp;lt;@debugger eval code:5053:7
[pid=5008][err] run@debugger eval code:5089:26
[pid=5008][err] @debugger eval code line 226 &amp;gt; eval:1:14
[pid=5008][err] evaluate@debugger eval code:228:17
[pid=5008][err] @debugger eval code:1:44
[pid=5008][err] 
[pid=5008][out]       
    at DispatcherConnection.dispatch (C:\Users\ADMIN\AppData\Local\Temp\playwright-java-13870300660886061394\package\lib\server\dispatchers\dispatcher.js:375:15)
}
Call log:
- waiting for locator(&amp;quot;button[type=&amp;apos;submit&amp;apos;]&amp;quot;)
-   locator resolved to &amp;lt;button type=&amp;quot;submit&amp;quot; data-v-10d463b7=&amp;quot;&amp;quot; data-v-0af708be…&amp;gt;…&amp;lt;/button&amp;gt;
- attempting click action
-   waiting for element to be visible, enabled and stable
">
      <![CDATA[com.microsoft.playwright.PlaywrightException: Error {
  message='Target page, context or browser has been closed
Browser logs:

<launching> C:\Users\ADMIN\AppData\Local\ms-playwright\firefox-1438\firefox\firefox.exe -no-remote -wait-for-browser -foreground -profile C:\Users\ADMIN\AppData\Local\Temp\playwright_firefoxdev_profile-il5foK -juggler-pipe -silent
<launched> pid=5008
[pid=5008][out] console.warn: services.settings: Ignoring preference override of remote settings server
[pid=5008][out] console.warn: services.settings: Allow by setting MOZ_REMOTE_SETTINGS_DEVTOOLS=1 in the environment
[pid=5008][out] console.error: ({})
[pid=5008][out] 
[pid=5008][out] Juggler listening to the pipe
[pid=5008][out] console.error: "Warning: unrecognized command line flag" "-foreground"
[pid=5008][err] JavaScript error: resource://gre/modules/XULStore.sys.mjs, line 60: Error: Can't find profile directory.
[pid=5008][out] console.error: (new SyntaxError("XMLHttpRequest.open: '/buckets/monitor/collections/changes/changeset?collection=anti-tracking-url-decoration&bucket=main&_expected=0' is not a valid URL.", (void 0), 133))
[pid=5008][out] console.error: (new SyntaxError("XMLHttpRequest.open: '/buckets/monitor/collections/changes/changeset?collection=query-stripping&bucket=main&_expected=0' is not a valid URL.", (void 0), 133))
[pid=5008][out] console.error: (new SyntaxError("XMLHttpRequest.open: '/buckets/monitor/collections/changes/changeset?collection=fingerprinting-protection-overrides&bucket=main&_expected=0' is not a valid URL.", (void 0), 133))
[pid=5008][out] console.error: (new SyntaxError("XMLHttpRequest.open: '/buckets/monitor/collections/changes/changeset?collection=partitioning-exempt-urls&bucket=main&_expected=0' is not a valid URL.", (void 0), 133))
[pid=5008][out] console.error: Region.sys.mjs: "Error fetching region" (new Error("TIMEOUT", "resource://gre/modules/Region.sys.mjs", 759))
[pid=5008][out] console.error: Region.sys.mjs: "Failed to fetch region" (new Error("TIMEOUT", "resource://gre/modules/Region.sys.mjs", 411))
[pid=5008][out] console.error: (new SyntaxError("XMLHttpRequest.open: '/buckets/monitor/collections/changes/changeset?collection=hijack-blocklists&bucket=main&_expected=0' is not a valid URL.", (void 0), 133))
[pid=5008][out] console.error: (new SyntaxError("XMLHttpRequest.open: '/buckets/monitor/collections/changes/changeset?collection=search-telemetry-v2&bucket=main&_expected=0' is not a valid URL.", (void 0), 133))
[pid=5008][out] console.error: (new SyntaxError("XMLHttpRequest.open: '/buckets/monitor/collections/changes/changeset?collection=search-config&bucket=main&_expected=0' is not a valid URL.", (void 0), 133))
[pid=5008][out] console.error: (new SyntaxError("XMLHttpRequest.open: '/buckets/monitor/collections/changes/changeset?collection=url-classifier-skip-urls&bucket=main&_expected=0' is not a valid URL.", (void 0), 133))
[pid=5008][out] console.error: (new SyntaxError("XMLHttpRequest.open: '/buckets/monitor/collections/changes/changeset?collection=top-sites&bucket=main&_expected=0' is not a valid URL.", (void 0), 133))
[pid=5008][out] console.error: (new SyntaxError("XMLHttpRequest.open: '/buckets/monitor/collections/changes/changeset?collection=message-groups&bucket=main&_expected=0' is not a valid URL.", (void 0), 133))
[pid=5008][out] console.error: (new SyntaxError("XMLHttpRequest.open: '/buckets/monitor/collections/changes/changeset?collection=cfr&bucket=main&_expected=0' is not a valid URL.", (void 0), 133))
[pid=5008][out] console.error: (new SyntaxError("XMLHttpRequest.open: '/buckets/monitor/collections/changes/changeset?collection=message-groups&bucket=main&_expected=0' is not a valid URL.", (void 0), 133))
[pid=5008][out] console.error: (new SyntaxError("XMLHttpRequest.open: '/buckets/monitor/collections/changes/changeset?collection=whats-new-panel&bucket=main&_expected=0' is not a valid URL.", (void 0), 133))
[pid=5008][out] console.error: (new SyntaxError("XMLHttpRequest.open: '/buckets/monitor/collections/changes/changeset?collection=top-sites&bucket=main&_expected=0' is not a valid URL.", (void 0), 133))
[pid=5008][err] JavaScript warning: resource://gre/modules/UpdateService.sys.mjs, line 3858: unreachable code after return statement
[pid=5008][out] console.error: (new Error("Polling for changes failed: XMLHttpRequest.open: '/buckets/monitor/collections/changes/changeset?_expected=0' is not a valid URL..", "resource://services-settings/remote-settings.sys.mjs", 324))
[pid=5008][out] console.error: (new SyntaxError("XMLHttpRequest.open: '/buckets/monitor/collections/changes/changeset?collection=top-sites&bucket=main&_expected=0' is not a valid URL.", (void 0), 133))
[pid=5008][out] console.error: (new SyntaxError("XMLHttpRequest.open: '/buckets/monitor/collections/changes/changeset?collection=doh-providers&bucket=main&_expected=0' is not a valid URL.", (void 0), 133))
[pid=5008][out] console.error: (new SyntaxError("XMLHttpRequest.open: '/buckets/monitor/collections/changes/changeset?collection=doh-config&bucket=main&_expected=0' is not a valid URL.", (void 0), 133))
[pid=5008] <gracefully close start>
[pid=5008][out] 
[pid=5008][out]         ERROR: Failed "callFunction": connector for namespace "page" in channel "browser::page[a4be4173-942e-4b02-98f8-1b6da15e1f89]/11/12/3" is disposed. _rejectCallbacksFromConnector@chrome://juggler/content/SimpleChannel.js:108:25
[pid=5008][out] dispose@chrome://juggler/content/SimpleChannel.js:119:27
[pid=5008][out] dispose@chrome://juggler/content/protocol/PageHandler.js:156:23
[pid=5008][out] _dispose@chrome://juggler/content/protocol/Dispatcher.js:116:21
[pid=5008][out] destroySession@chrome://juggler/content/protocol/Dispatcher.js:34:13
[pid=5008][out] dispose@chrome://juggler/content/protocol/BrowserHandler.js:79:24
[pid=5008][out] _dispose@chrome://juggler/content/protocol/Dispatcher.js:116:21
[pid=5008][out] _dispose@chrome://juggler/content/protocol/Dispatcher.js:40:23
[pid=5008][out] observe/browserHandler<@chrome://juggler/content/components/Juggler.js:138:22
[pid=5008][out] Browser.close@chrome://juggler/content/protocol/BrowserHandler.js:150:10
[pid=5008][out] 
[pid=5008][out]       
[pid=5008][out]         ERROR: Failed "callFunction": connector for namespace "page" in channel "browser::page[a4be4173-942e-4b02-98f8-1b6da15e1f89]/11/12/3" is disposed. _rejectCallbacksFromConnector@chrome://juggler/content/SimpleChannel.js:108:25
[pid=5008][out] dispose@chrome://juggler/content/SimpleChannel.js:119:27
[pid=5008][out] dispose@chrome://juggler/content/protocol/PageHandler.js:156:23
[pid=5008][out] _dispose@chrome://juggler/content/protocol/Dispatcher.js:116:21
[pid=5008][out] destroySession@chrome://juggler/content/protocol/Dispatcher.js:34:13
[pid=5008][out] dispose@chrome://juggler/content/protocol/BrowserHandler.js:79:24
[pid=5008][out] _dispose@chrome://juggler/content/protocol/Dispatcher.js:116:21
[pid=5008][out] _dispose@chrome://juggler/content/protocol/Dispatcher.js:40:23
[pid=5008][out] observe/browserHandler<@chrome://juggler/content/components/Juggler.js:138:22
[pid=5008][out] Browser.close@chrome://juggler/content/protocol/BrowserHandler.js:150:10
[pid=5008][out] 
[pid=5008][err] JavaScript error: chrome://juggler/content/components/Juggler.js, line 130: NS_ERROR_FAILURE: Component returned failure code: 0x80004005 (NS_ERROR_FAILURE) [nsIRemoteDebuggingPipe.sendMessage]
[pid=5008][err] JavaScript error: chrome://juggler/content/components/Juggler.js, line 130: NS_ERROR_FAILURE: Component returned failure code: 0x80004005 (NS_ERROR_FAILURE) [nsIRemoteDebuggingPipe.sendMessage]
[pid=5008][err] JavaScript warning: debugger eval code, line 5156: Script terminated by timeout at:
[pid=5008][err] waitForElementStatesAndPerformAction/<@debugger eval code:5156:27
[pid=5008][err] next@debugger eval code:5043:36
[pid=5008][err] FrameRequestCallback*pollRaf/<@debugger eval code:5029:64
[pid=5008][err] next@debugger eval code:5047:25
[pid=5008][err] poll/<@debugger eval code:5053:7
[pid=5008][err] run@debugger eval code:5089:26
[pid=5008][err] @debugger eval code line 226 > eval:1:14
[pid=5008][err] evaluate@debugger eval code:228:17
[pid=5008][err] @debugger eval code:1:44
[pid=5008][err] 
[pid=5008][out]       
  name='TargetClosedError
  stack='TargetClosedError: Target page, context or browser has been closed
Browser logs:

<launching> C:\Users\ADMIN\AppData\Local\ms-playwright\firefox-1438\firefox\firefox.exe -no-remote -wait-for-browser -foreground -profile C:\Users\ADMIN\AppData\Local\Temp\playwright_firefoxdev_profile-il5foK -juggler-pipe -silent
<launched> pid=5008
[pid=5008][out] console.warn: services.settings: Ignoring preference override of remote settings server
[pid=5008][out] console.warn: services.settings: Allow by setting MOZ_REMOTE_SETTINGS_DEVTOOLS=1 in the environment
[pid=5008][out] console.error: ({})
[pid=5008][out] 
[pid=5008][out] Juggler listening to the pipe
[pid=5008][out] console.error: "Warning: unrecognized command line flag" "-foreground"
[pid=5008][err] JavaScript error: resource://gre/modules/XULStore.sys.mjs, line 60: Error: Can't find profile directory.
[pid=5008][out] console.error: (new SyntaxError("XMLHttpRequest.open: '/buckets/monitor/collections/changes/changeset?collection=anti-tracking-url-decoration&bucket=main&_expected=0' is not a valid URL.", (void 0), 133))
[pid=5008][out] console.error: (new SyntaxError("XMLHttpRequest.open: '/buckets/monitor/collections/changes/changeset?collection=query-stripping&bucket=main&_expected=0' is not a valid URL.", (void 0), 133))
[pid=5008][out] console.error: (new SyntaxError("XMLHttpRequest.open: '/buckets/monitor/collections/changes/changeset?collection=fingerprinting-protection-overrides&bucket=main&_expected=0' is not a valid URL.", (void 0), 133))
[pid=5008][out] console.error: (new SyntaxError("XMLHttpRequest.open: '/buckets/monitor/collections/changes/changeset?collection=partitioning-exempt-urls&bucket=main&_expected=0' is not a valid URL.", (void 0), 133))
[pid=5008][out] console.error: Region.sys.mjs: "Error fetching region" (new Error("TIMEOUT", "resource://gre/modules/Region.sys.mjs", 759))
[pid=5008][out] console.error: Region.sys.mjs: "Failed to fetch region" (new Error("TIMEOUT", "resource://gre/modules/Region.sys.mjs", 411))
[pid=5008][out] console.error: (new SyntaxError("XMLHttpRequest.open: '/buckets/monitor/collections/changes/changeset?collection=hijack-blocklists&bucket=main&_expected=0' is not a valid URL.", (void 0), 133))
[pid=5008][out] console.error: (new SyntaxError("XMLHttpRequest.open: '/buckets/monitor/collections/changes/changeset?collection=search-telemetry-v2&bucket=main&_expected=0' is not a valid URL.", (void 0), 133))
[pid=5008][out] console.error: (new SyntaxError("XMLHttpRequest.open: '/buckets/monitor/collections/changes/changeset?collection=search-config&bucket=main&_expected=0' is not a valid URL.", (void 0), 133))
[pid=5008][out] console.error: (new SyntaxError("XMLHttpRequest.open: '/buckets/monitor/collections/changes/changeset?collection=url-classifier-skip-urls&bucket=main&_expected=0' is not a valid URL.", (void 0), 133))
[pid=5008][out] console.error: (new SyntaxError("XMLHttpRequest.open: '/buckets/monitor/collections/changes/changeset?collection=top-sites&bucket=main&_expected=0' is not a valid URL.", (void 0), 133))
[pid=5008][out] console.error: (new SyntaxError("XMLHttpRequest.open: '/buckets/monitor/collections/changes/changeset?collection=message-groups&bucket=main&_expected=0' is not a valid URL.", (void 0), 133))
[pid=5008][out] console.error: (new SyntaxError("XMLHttpRequest.open: '/buckets/monitor/collections/changes/changeset?collection=cfr&bucket=main&_expected=0' is not a valid URL.", (void 0), 133))
[pid=5008][out] console.error: (new SyntaxError("XMLHttpRequest.open: '/buckets/monitor/collections/changes/changeset?collection=message-groups&bucket=main&_expected=0' is not a valid URL.", (void 0), 133))
[pid=5008][out] console.error: (new SyntaxError("XMLHttpRequest.open: '/buckets/monitor/collections/changes/changeset?collection=whats-new-panel&bucket=main&_expected=0' is not a valid URL.", (void 0), 133))
[pid=5008][out] console.error: (new SyntaxError("XMLHttpRequest.open: '/buckets/monitor/collections/changes/changeset?collection=top-sites&bucket=main&_expected=0' is not a valid URL.", (void 0), 133))
[pid=5008][err] JavaScript warning: resource://gre/modules/UpdateService.sys.mjs, line 3858: unreachable code after return statement
[pid=5008][out] console.error: (new Error("Polling for changes failed: XMLHttpRequest.open: '/buckets/monitor/collections/changes/changeset?_expected=0' is not a valid URL..", "resource://services-settings/remote-settings.sys.mjs", 324))
[pid=5008][out] console.error: (new SyntaxError("XMLHttpRequest.open: '/buckets/monitor/collections/changes/changeset?collection=top-sites&bucket=main&_expected=0' is not a valid URL.", (void 0), 133))
[pid=5008][out] console.error: (new SyntaxError("XMLHttpRequest.open: '/buckets/monitor/collections/changes/changeset?collection=doh-providers&bucket=main&_expected=0' is not a valid URL.", (void 0), 133))
[pid=5008][out] console.error: (new SyntaxError("XMLHttpRequest.open: '/buckets/monitor/collections/changes/changeset?collection=doh-config&bucket=main&_expected=0' is not a valid URL.", (void 0), 133))
[pid=5008] <gracefully close start>
[pid=5008][out] 
[pid=5008][out]         ERROR: Failed "callFunction": connector for namespace "page" in channel "browser::page[a4be4173-942e-4b02-98f8-1b6da15e1f89]/11/12/3" is disposed. _rejectCallbacksFromConnector@chrome://juggler/content/SimpleChannel.js:108:25
[pid=5008][out] dispose@chrome://juggler/content/SimpleChannel.js:119:27
[pid=5008][out] dispose@chrome://juggler/content/protocol/PageHandler.js:156:23
[pid=5008][out] _dispose@chrome://juggler/content/protocol/Dispatcher.js:116:21
[pid=5008][out] destroySession@chrome://juggler/content/protocol/Dispatcher.js:34:13
[pid=5008][out] dispose@chrome://juggler/content/protocol/BrowserHandler.js:79:24
[pid=5008][out] _dispose@chrome://juggler/content/protocol/Dispatcher.js:116:21
[pid=5008][out] _dispose@chrome://juggler/content/protocol/Dispatcher.js:40:23
[pid=5008][out] observe/browserHandler<@chrome://juggler/content/components/Juggler.js:138:22
[pid=5008][out] Browser.close@chrome://juggler/content/protocol/BrowserHandler.js:150:10
[pid=5008][out] 
[pid=5008][out]       
[pid=5008][out]         ERROR: Failed "callFunction": connector for namespace "page" in channel "browser::page[a4be4173-942e-4b02-98f8-1b6da15e1f89]/11/12/3" is disposed. _rejectCallbacksFromConnector@chrome://juggler/content/SimpleChannel.js:108:25
[pid=5008][out] dispose@chrome://juggler/content/SimpleChannel.js:119:27
[pid=5008][out] dispose@chrome://juggler/content/protocol/PageHandler.js:156:23
[pid=5008][out] _dispose@chrome://juggler/content/protocol/Dispatcher.js:116:21
[pid=5008][out] destroySession@chrome://juggler/content/protocol/Dispatcher.js:34:13
[pid=5008][out] dispose@chrome://juggler/content/protocol/BrowserHandler.js:79:24
[pid=5008][out] _dispose@chrome://juggler/content/protocol/Dispatcher.js:116:21
[pid=5008][out] _dispose@chrome://juggler/content/protocol/Dispatcher.js:40:23
[pid=5008][out] observe/browserHandler<@chrome://juggler/content/components/Juggler.js:138:22
[pid=5008][out] Browser.close@chrome://juggler/content/protocol/BrowserHandler.js:150:10
[pid=5008][out] 
[pid=5008][err] JavaScript error: chrome://juggler/content/components/Juggler.js, line 130: NS_ERROR_FAILURE: Component returned failure code: 0x80004005 (NS_ERROR_FAILURE) [nsIRemoteDebuggingPipe.sendMessage]
[pid=5008][err] JavaScript error: chrome://juggler/content/components/Juggler.js, line 130: NS_ERROR_FAILURE: Component returned failure code: 0x80004005 (NS_ERROR_FAILURE) [nsIRemoteDebuggingPipe.sendMessage]
[pid=5008][err] JavaScript warning: debugger eval code, line 5156: Script terminated by timeout at:
[pid=5008][err] waitForElementStatesAndPerformAction/<@debugger eval code:5156:27
[pid=5008][err] next@debugger eval code:5043:36
[pid=5008][err] FrameRequestCallback*pollRaf/<@debugger eval code:5029:64
[pid=5008][err] next@debugger eval code:5047:25
[pid=5008][err] poll/<@debugger eval code:5053:7
[pid=5008][err] run@debugger eval code:5089:26
[pid=5008][err] @debugger eval code line 226 > eval:1:14
[pid=5008][err] evaluate@debugger eval code:228:17
[pid=5008][err] @debugger eval code:1:44
[pid=5008][err] 
[pid=5008][out]       
    at DispatcherConnection.dispatch (C:\Users\ADMIN\AppData\Local\Temp\playwright-java-13870300660886061394\package\lib\server\dispatchers\dispatcher.js:375:15)
}
Call log:
- waiting for locator("button[type='submit']")
-   locator resolved to <button type="submit" data-v-10d463b7="" data-v-0af708be…>…</button>
- attempting click action
-   waiting for element to be visible, enabled and stable

at com.microsoft.playwright.impl.WaitableResult.get(WaitableResult.java:54)
at com.microsoft.playwright.impl.ChannelOwner.runUntil(ChannelOwner.java:120)
at com.microsoft.playwright.impl.Connection.sendMessage(Connection.java:129)
at com.microsoft.playwright.impl.ChannelOwner.sendMessage(ChannelOwner.java:106)
at com.microsoft.playwright.impl.FrameImpl.clickImpl(FrameImpl.java:252)
at com.microsoft.playwright.impl.FrameImpl.lambda$click$8(FrameImpl.java:243)
at com.microsoft.playwright.impl.LoggingSupport.lambda$withLogging$0(LoggingSupport.java:36)
at com.microsoft.playwright.impl.LoggingSupport.withLogging(LoggingSupport.java:47)
at com.microsoft.playwright.impl.ChannelOwner.withLogging(ChannelOwner.java:89)
at com.microsoft.playwright.impl.LoggingSupport.withLogging(LoggingSupport.java:35)
at com.microsoft.playwright.impl.FrameImpl.click(FrameImpl.java:243)
at com.microsoft.playwright.impl.LocatorImpl.click(LocatorImpl.java:140)
at com.microsoft.playwright.Locator.click(Locator.java:2387)
at POM.LoginPage.ClickLoginButton(LoginPage.java:60)
at tests.LoginTestInvalidID.loginTestInValidIDPass(LoginTestInvalidID.java:28)
at java.base/java.util.ArrayList.forEach(ArrayList.java:1511)
at java.base/java.util.concurrent.FutureTask.run(FutureTask.java:317)
at java.base/java.util.concurrent.ThreadPoolExecutor.runWorker(ThreadPoolExecutor.java:1144)
at java.base/java.util.concurrent.ThreadPoolExecutor$Worker.run(ThreadPoolExecutor.java:642)
at java.base/java.lang.Thread.run(Thread.java:1589)
Caused by: com.microsoft.playwright.impl.TargetClosedError: Error {
  message='Target page, context or browser has been closed
Browser logs:

<launching> C:\Users\ADMIN\AppData\Local\ms-playwright\firefox-1438\firefox\firefox.exe -no-remote -wait-for-browser -foreground -profile C:\Users\ADMIN\AppData\Local\Temp\playwright_firefoxdev_profile-il5foK -juggler-pipe -silent
<launched> pid=5008
[pid=5008][out] console.warn: services.settings: Ignoring preference override of remote settings server
[pid=5008][out] console.warn: services.settings: Allow by setting MOZ_REMOTE_SETTINGS_DEVTOOLS=1 in the environment
[pid=5008][out] console.error: ({})
[pid=5008][out] 
[pid=5008][out] Juggler listening to the pipe
[pid=5008][out] console.error: "Warning: unrecognized command line flag" "-foreground"
[pid=5008][err] JavaScript error: resource://gre/modules/XULStore.sys.mjs, line 60: Error: Can't find profile directory.
[pid=5008][out] console.error: (new SyntaxError("XMLHttpRequest.open: '/buckets/monitor/collections/changes/changeset?collection=anti-tracking-url-decoration&bucket=main&_expected=0' is not a valid URL.", (void 0), 133))
[pid=5008][out] console.error: (new SyntaxError("XMLHttpRequest.open: '/buckets/monitor/collections/changes/changeset?collection=query-stripping&bucket=main&_expected=0' is not a valid URL.", (void 0), 133))
[pid=5008][out] console.error: (new SyntaxError("XMLHttpRequest.open: '/buckets/monitor/collections/changes/changeset?collection=fingerprinting-protection-overrides&bucket=main&_expected=0' is not a valid URL.", (void 0), 133))
[pid=5008][out] console.error: (new SyntaxError("XMLHttpRequest.open: '/buckets/monitor/collections/changes/changeset?collection=partitioning-exempt-urls&bucket=main&_expected=0' is not a valid URL.", (void 0), 133))
[pid=5008][out] console.error: Region.sys.mjs: "Error fetching region" (new Error("TIMEOUT", "resource://gre/modules/Region.sys.mjs", 759))
[pid=5008][out] console.error: Region.sys.mjs: "Failed to fetch region" (new Error("TIMEOUT", "resource://gre/modules/Region.sys.mjs", 411))
[pid=5008][out] console.error: (new SyntaxError("XMLHttpRequest.open: '/buckets/monitor/collections/changes/changeset?collection=hijack-blocklists&bucket=main&_expected=0' is not a valid URL.", (void 0), 133))
[pid=5008][out] console.error: (new SyntaxError("XMLHttpRequest.open: '/buckets/monitor/collections/changes/changeset?collection=search-telemetry-v2&bucket=main&_expected=0' is not a valid URL.", (void 0), 133))
[pid=5008][out] console.error: (new SyntaxError("XMLHttpRequest.open: '/buckets/monitor/collections/changes/changeset?collection=search-config&bucket=main&_expected=0' is not a valid URL.", (void 0), 133))
[pid=5008][out] console.error: (new SyntaxError("XMLHttpRequest.open: '/buckets/monitor/collections/changes/changeset?collection=url-classifier-skip-urls&bucket=main&_expected=0' is not a valid URL.", (void 0), 133))
[pid=5008][out] console.error: (new SyntaxError("XMLHttpRequest.open: '/buckets/monitor/collections/changes/changeset?collection=top-sites&bucket=main&_expected=0' is not a valid URL.", (void 0), 133))
[pid=5008][out] console.error: (new SyntaxError("XMLHttpRequest.open: '/buckets/monitor/collections/changes/changeset?collection=message-groups&bucket=main&_expected=0' is not a valid URL.", (void 0), 133))
[pid=5008][out] console.error: (new SyntaxError("XMLHttpRequest.open: '/buckets/monitor/collections/changes/changeset?collection=cfr&bucket=main&_expected=0' is not a valid URL.", (void 0), 133))
[pid=5008][out] console.error: (new SyntaxError("XMLHttpRequest.open: '/buckets/monitor/collections/changes/changeset?collection=message-groups&bucket=main&_expected=0' is not a valid URL.", (void 0), 133))
[pid=5008][out] console.error: (new SyntaxError("XMLHttpRequest.open: '/buckets/monitor/collections/changes/changeset?collection=whats-new-panel&bucket=main&_expected=0' is not a valid URL.", (void 0), 133))
[pid=5008][out] console.error: (new SyntaxError("XMLHttpRequest.open: '/buckets/monitor/collections/changes/changeset?collection=top-sites&bucket=main&_expected=0' is not a valid URL.", (void 0), 133))
[pid=5008][err] JavaScript warning: resource://gre/modules/UpdateService.sys.mjs, line 3858: unreachable code after return statement
[pid=5008][out] console.error: (new Error("Polling for changes failed: XMLHttpRequest.open: '/buckets/monitor/collections/changes/changeset?_expected=0' is not a valid URL..", "resource://services-settings/remote-settings.sys.mjs", 324))
[pid=5008][out] console.error: (new SyntaxError("XMLHttpRequest.open: '/buckets/monitor/collections/changes/changeset?collection=top-sites&bucket=main&_expected=0' is not a valid URL.", (void 0), 133))
[pid=5008][out] console.error: (new SyntaxError("XMLHttpRequest.open: '/buckets/monitor/collections/changes/changeset?collection=doh-providers&bucket=main&_expected=0' is not a valid URL.", (void 0), 133))
[pid=5008][out] console.error: (new SyntaxError("XMLHttpRequest.open: '/buckets/monitor/collections/changes/changeset?collection=doh-config&bucket=main&_expected=0' is not a valid URL.", (void 0), 133))
[pid=5008] <gracefully close start>
[pid=5008][out] 
[pid=5008][out]         ERROR: Failed "callFunction": connector for namespace "page" in channel "browser::page[a4be4173-942e-4b02-98f8-1b6da15e1f89]/11/12/3" is disposed. _rejectCallbacksFromConnector@chrome://juggler/content/SimpleChannel.js:108:25
[pid=5008][out] dispose@chrome://juggler/content/SimpleChannel.js:119:27
[pid=5008][out] dispose@chrome://juggler/content/protocol/PageHandler.js:156:23
[pid=5008][out] _dispose@chrome://juggler/content/protocol/Dispatcher.js:116:21
[pid=5008][out] destroySession@chrome://juggler/content/protocol/Dispatcher.js:34:13
[pid=5008][out] dispose@chrome://juggler/content/protocol/BrowserHandler.js:79:24
[pid=5008][out] _dispose@chrome://juggler/content/protocol/Dispatcher.js:116:21
[pid=5008][out] _dispose@chrome://juggler/content/protocol/Dispatcher.js:40:23
[pid=5008][out] observe/browserHandler<@chrome://juggler/content/components/Juggler.js:138:22
[pid=5008][out] Browser.close@chrome://juggler/content/protocol/BrowserHandler.js:150:10
[pid=5008][out] 
[pid=5008][out]       
[pid=5008][out]         ERROR: Failed "callFunction": connector for namespace "page" in channel "browser::page[a4be4173-942e-4b02-98f8-1b6da15e1f89]/11/12/3" is disposed. _rejectCallbacksFromConnector@chrome://juggler/content/SimpleChannel.js:108:25
[pid=5008][out] dispose@chrome://juggler/content/SimpleChannel.js:119:27
[pid=5008][out] dispose@chrome://juggler/content/protocol/PageHandler.js:156:23
[pid=5008][out] _dispose@chrome://juggler/content/protocol/Dispatcher.js:116:21
[pid=5008][out] destroySession@chrome://juggler/content/protocol/Dispatcher.js:34:13
[pid=5008][out] dispose@chrome://juggler/content/protocol/BrowserHandler.js:79:24
[pid=5008][out] _dispose@chrome://juggler/content/protocol/Dispatcher.js:116:21
[pid=5008][out] _dispose@chrome://juggler/content/protocol/Dispatcher.js:40:23
[pid=5008][out] observe/browserHandler<@chrome://juggler/content/components/Juggler.js:138:22
[pid=5008][out] Browser.close@chrome://juggler/content/protocol/BrowserHandler.js:150:10
[pid=5008][out] 
[pid=5008][err] JavaScript error: chrome://juggler/content/components/Juggler.js, line 130: NS_ERROR_FAILURE: Component returned failure code: 0x80004005 (NS_ERROR_FAILURE) [nsIRemoteDebuggingPipe.sendMessage]
[pid=5008][err] JavaScript error: chrome://juggler/content/components/Juggler.js, line 130: NS_ERROR_FAILURE: Component returned failure code: 0x80004005 (NS_ERROR_FAILURE) [nsIRemoteDebuggingPipe.sendMessage]
[pid=5008][err] JavaScript warning: debugger eval code, line 5156: Script terminated by timeout at:
[pid=5008][err] waitForElementStatesAndPerformAction/<@debugger eval code:5156:27
[pid=5008][err] next@debugger eval code:5043:36
[pid=5008][err] FrameRequestCallback*pollRaf/<@debugger eval code:5029:64
[pid=5008][err] next@debugger eval code:5047:25
[pid=5008][err] poll/<@debugger eval code:5053:7
[pid=5008][err] run@debugger eval code:5089:26
[pid=5008][err] @debugger eval code line 226 > eval:1:14
[pid=5008][err] evaluate@debugger eval code:228:17
[pid=5008][err] @debugger eval code:1:44
[pid=5008][err] 
[pid=5008][out]       
  name='TargetClosedError
  stack='TargetClosedError: Target page, context or browser has been closed
Browser logs:

<launching> C:\Users\ADMIN\AppData\Local\ms-playwright\firefox-1438\firefox\firefox.exe -no-remote -wait-for-browser -foreground -profile C:\Users\ADMIN\AppData\Local\Temp\playwright_firefoxdev_profile-il5foK -juggler-pipe -silent
<launched> pid=5008
[pid=5008][out] console.warn: services.settings: Ignoring preference override of remote settings server
[pid=5008][out] console.warn: services.settings: Allow by setting MOZ_REMOTE_SETTINGS_DEVTOOLS=1 in the environment
[pid=5008][out] console.error: ({})
[pid=5008][out] 
[pid=5008][out] Juggler listening to the pipe
[pid=5008][out] console.error: "Warning: unrecognized command line flag" "-foreground"
[pid=5008][err] JavaScript error: resource://gre/modules/XULStore.sys.mjs, line 60: Error: Can't find profile directory.
[pid=5008][out] console.error: (new SyntaxError("XMLHttpRequest.open: '/buckets/monitor/collections/changes/changeset?collection=anti-tracking-url-decoration&bucket=main&_expected=0' is not a valid URL.", (void 0), 133))
[pid=5008][out] console.error: (new SyntaxError("XMLHttpRequest.open: '/buckets/monitor/collections/changes/changeset?collection=query-stripping&bucket=main&_expected=0' is not a valid URL.", (void 0), 133))
[pid=5008][out] console.error: (new SyntaxError("XMLHttpRequest.open: '/buckets/monitor/collections/changes/changeset?collection=fingerprinting-protection-overrides&bucket=main&_expected=0' is not a valid URL.", (void 0), 133))
[pid=5008][out] console.error: (new SyntaxError("XMLHttpRequest.open: '/buckets/monitor/collections/changes/changeset?collection=partitioning-exempt-urls&bucket=main&_expected=0' is not a valid URL.", (void 0), 133))
[pid=5008][out] console.error: Region.sys.mjs: "Error fetching region" (new Error("TIMEOUT", "resource://gre/modules/Region.sys.mjs", 759))
[pid=5008][out] console.error: Region.sys.mjs: "Failed to fetch region" (new Error("TIMEOUT", "resource://gre/modules/Region.sys.mjs", 411))
[pid=5008][out] console.error: (new SyntaxError("XMLHttpRequest.open: '/buckets/monitor/collections/changes/changeset?collection=hijack-blocklists&bucket=main&_expected=0' is not a valid URL.", (void 0), 133))
[pid=5008][out] console.error: (new SyntaxError("XMLHttpRequest.open: '/buckets/monitor/collections/changes/changeset?collection=search-telemetry-v2&bucket=main&_expected=0' is not a valid URL.", (void 0), 133))
[pid=5008][out] console.error: (new SyntaxError("XMLHttpRequest.open: '/buckets/monitor/collections/changes/changeset?collection=search-config&bucket=main&_expected=0' is not a valid URL.", (void 0), 133))
[pid=5008][out] console.error: (new SyntaxError("XMLHttpRequest.open: '/buckets/monitor/collections/changes/changeset?collection=url-classifier-skip-urls&bucket=main&_expected=0' is not a valid URL.", (void 0), 133))
[pid=5008][out] console.error: (new SyntaxError("XMLHttpRequest.open: '/buckets/monitor/collections/changes/changeset?collection=top-sites&bucket=main&_expected=0' is not a valid URL.", (void 0), 133))
[pid=5008][out] console.error: (new SyntaxError("XMLHttpRequest.open: '/buckets/monitor/collections/changes/changeset?collection=message-groups&bucket=main&_expected=0' is not a valid URL.", (void 0), 133))
[pid=5008][out] console.error: (new SyntaxError("XMLHttpRequest.open: '/buckets/monitor/collections/changes/changeset?collection=cfr&bucket=main&_expected=0' is not a valid URL.", (void 0), 133))
[pid=5008][out] console.error: (new SyntaxError("XMLHttpRequest.open: '/buckets/monitor/collections/changes/changeset?collection=message-groups&bucket=main&_expected=0' is not a valid URL.", (void 0), 133))
[pid=5008][out] console.error: (new SyntaxError("XMLHttpRequest.open: '/buckets/monitor/collections/changes/changeset?collection=whats-new-panel&bucket=main&_expected=0' is not a valid URL.", (void 0), 133))
[pid=5008][out] console.error: (new SyntaxError("XMLHttpRequest.open: '/buckets/monitor/collections/changes/changeset?collection=top-sites&bucket=main&_expected=0' is not a valid URL.", (void 0), 133))
[pid=5008][err] JavaScript warning: resource://gre/modules/UpdateService.sys.mjs, line 3858: unreachable code after return statement
[pid=5008][out] console.error: (new Error("Polling for changes failed: XMLHttpRequest.open: '/buckets/monitor/collections/changes/changeset?_expected=0' is not a valid URL..", "resource://services-settings/remote-settings.sys.mjs", 324))
[pid=5008][out] console.error: (new SyntaxError("XMLHttpRequest.open: '/buckets/monitor/collections/changes/changeset?collection=top-sites&bucket=main&_expected=0' is not a valid URL.", (void 0), 133))
[pid=5008][out] console.error: (new SyntaxError("XMLHttpRequest.open: '/buckets/monitor/collections/changes/changeset?collection=doh-providers&bucket=main&_expected=0' is not a valid URL.", (void 0), 133))
[pid=5008][out] console.error: (new SyntaxError("XMLHttpRequest.open: '/buckets/monitor/collections/changes/changeset?collection=doh-config&bucket=main&_expected=0' is not a valid URL.", (void 0), 133))
[pid=5008] <gracefully close start>
[pid=5008][out] 
[pid=5008][out]         ERROR: Failed "callFunction": connector for namespace "page" in channel "browser::page[a4be4173-942e-4b02-98f8-1b6da15e1f89]/11/12/3" is disposed. _rejectCallbacksFromConnector@chrome://juggler/content/SimpleChannel.js:108:25
[pid=5008][out] dispose@chrome://juggler/content/SimpleChannel.js:119:27
[pid=5008][out] dispose@chrome://juggler/content/protocol/PageHandler.js:156:23
[pid=5008][out] _dispose@chrome://juggler/content/protocol/Dispatcher.js:116:21
[pid=5008][out] destroySession@chrome://juggler/content/protocol/Dispatcher.js:34:13
[pid=5008][out] dispose@chrome://juggler/content/protocol/BrowserHandler.js:79:24
[pid=5008][out] _dispose@chrome://juggler/content/protocol/Dispatcher.js:116:21
[pid=5008][out] _dispose@chrome://juggler/content/protocol/Dispatcher.js:40:23
[pid=5008][out] observe/browserHandler<@chrome://juggler/content/components/Juggler.js:138:22
[pid=5008][out] Browser.close@chrome://juggler/content/protocol/BrowserHandler.js:150:10
[pid=5008][out] 
[pid=5008][out]       
[pid=5008][out]         ERROR: Failed "callFunction": connector for namespace "page" in channel "browser::page[a4be4173-942e-4b02-98f8-1b6da15e1f89]/11/12/3" is disposed. _rejectCallbacksFromConnector@chrome://juggler/content/SimpleChannel.js:108:25
[pid=5008][out] dispose@chrome://juggler/content/SimpleChannel.js:119:27
[pid=5008][out] dispose@chrome://juggler/content/protocol/PageHandler.js:156:23
[pid=5008][out] _dispose@chrome://juggler/content/protocol/Dispatcher.js:116:21
[pid=5008][out] destroySession@chrome://juggler/content/protocol/Dispatcher.js:34:13
[pid=5008][out] dispose@chrome://juggler/content/protocol/BrowserHandler.js:79:24
[pid=5008][out] _dispose@chrome://juggler/content/protocol/Dispatcher.js:116:21
[pid=5008][out] _dispose@chrome://juggler/content/protocol/Dispatcher.js:40:23
[pid=5008][out] observe/browserHandler<@chrome://juggler/content/components/Juggler.js:138:22
[pid=5008][out] Browser.close@chrome://juggler/content/protocol/BrowserHandler.js:150:10
[pid=5008][out] 
[pid=5008][err] JavaScript error: chrome://juggler/content/components/Juggler.js, line 130: NS_ERROR_FAILURE: Component returned failure code: 0x80004005 (NS_ERROR_FAILURE) [nsIRemoteDebuggingPipe.sendMessage]
[pid=5008][err] JavaScript error: chrome://juggler/content/components/Juggler.js, line 130: NS_ERROR_FAILURE: Component returned failure code: 0x80004005 (NS_ERROR_FAILURE) [nsIRemoteDebuggingPipe.sendMessage]
[pid=5008][err] JavaScript warning: debugger eval code, line 5156: Script terminated by timeout at:
[pid=5008][err] waitForElementStatesAndPerformAction/<@debugger eval code:5156:27
[pid=5008][err] next@debugger eval code:5043:36
[pid=5008][err] FrameRequestCallback*pollRaf/<@debugger eval code:5029:64
[pid=5008][err] next@debugger eval code:5047:25
[pid=5008][err] poll/<@debugger eval code:5053:7
[pid=5008][err] run@debugger eval code:5089:26
[pid=5008][err] @debugger eval code line 226 > eval:1:14
[pid=5008][err] evaluate@debugger eval code:228:17
[pid=5008][err] @debugger eval code:1:44
[pid=5008][err] 
[pid=5008][out]       
    at DispatcherConnection.dispatch (C:\Users\ADMIN\AppData\Local\Temp\playwright-java-13870300660886061394\package\lib\server\dispatchers\dispatcher.js:375:15)
}
Call log:
- waiting for locator("button[type='submit']")
-   locator resolved to <button type="submit" data-v-10d463b7="" data-v-0af708be…>…</button>
- attempting click action
-   waiting for element to be visible, enabled and stable

at com.microsoft.playwright.impl.Connection.dispatch(Connection.java:256)
at com.microsoft.playwright.impl.Connection.processOneMessage(Connection.java:209)
at com.microsoft.playwright.impl.ChannelOwner.runUntil(ChannelOwner.java:118)
at com.microsoft.playwright.impl.Connection.sendMessage(Connection.java:129)
at com.microsoft.playwright.impl.ChannelOwner.sendMessage(ChannelOwner.java:106)
at com.microsoft.playwright.impl.ChannelOwner.sendMessage(ChannelOwner.java:101)
at com.microsoft.playwright.impl.BrowserImpl.closeImpl(BrowserImpl.java:89)
at com.microsoft.playwright.impl.BrowserImpl.lambda$close$0(BrowserImpl.java:72)
at com.microsoft.playwright.impl.LoggingSupport.lambda$withLogging$0(LoggingSupport.java:36)
at com.microsoft.playwright.impl.LoggingSupport.withLogging(LoggingSupport.java:47)
at com.microsoft.playwright.impl.ChannelOwner.withLogging(ChannelOwner.java:89)
at com.microsoft.playwright.impl.LoggingSupport.withLogging(LoggingSupport.java:35)
at com.microsoft.playwright.impl.BrowserImpl.close(BrowserImpl.java:72)
at com.microsoft.playwright.Browser.close(Browser.java:1183)
at base.BaseTest.tearDown(BaseTest.java:122)
... 7 more
... Removed 24 stack frames]]>
    </failure>
  </testcase> <!-- loginTestInValidIDPass -->
</testsuite> <!-- LoginTestInvalidID -->
