<?xml version="1.0" encoding="UTF-8"?>
<!-- Generated by org.testng.reporters.JUnitXMLReporter -->
<testsuite ignored="0" hostname="DESKTOP-28CK1DU" failures="1" tests="1" name="LoginTest" time="87.235" errors="0" timestamp="2024-06-24T15:38:34 IST">
  <testcase classname="baseTest.BaseTestWeb" name="@AfterTest tearDown" time="0.059">
    <failure type="com.microsoft.playwright.PlaywrightException" message="Error {
  message=&amp;apos;Target page, context or browser has been closed
  name=&amp;apos;TargetClosedError
  stack=&amp;apos;TargetClosedError: Target page, context or browser has been closed
    at DispatcherConnection.dispatch (C:\Users\ADMIN\AppData\Local\Temp\playwright-java-1928564142746975049\package\lib\server\dispatchers\dispatcher.js:277:44)
    at transport.onmessage (C:\Users\ADMIN\AppData\Local\Temp\playwright-java-1928564142746975049\package\lib\cli\driver.js:52:57)
    at Immediate._onImmediate (C:\Users\ADMIN\AppData\Local\Temp\playwright-java-1928564142746975049\package\lib\protocol\transport.js:77:34)
    at process.processImmediate (node:internal/timers:478:21)
}">
      <![CDATA[com.microsoft.playwright.PlaywrightException: Error {
  message='Target page, context or browser has been closed
  name='TargetClosedError
  stack='TargetClosedError: Target page, context or browser has been closed
    at DispatcherConnection.dispatch (C:\Users\ADMIN\AppData\Local\Temp\playwright-java-1928564142746975049\package\lib\server\dispatchers\dispatcher.js:277:44)
    at transport.onmessage (C:\Users\ADMIN\AppData\Local\Temp\playwright-java-1928564142746975049\package\lib\cli\driver.js:52:57)
    at Immediate._onImmediate (C:\Users\ADMIN\AppData\Local\Temp\playwright-java-1928564142746975049\package\lib\protocol\transport.js:77:34)
    at process.processImmediate (node:internal/timers:478:21)
}
at com.microsoft.playwright.impl.WaitableResult.get(WaitableResult.java:54)
at com.microsoft.playwright.impl.ChannelOwner.runUntil(ChannelOwner.java:120)
at com.microsoft.playwright.impl.Connection.sendMessage(Connection.java:129)
at com.microsoft.playwright.impl.ChannelOwner.sendMessage(ChannelOwner.java:106)
at com.microsoft.playwright.impl.TracingImpl.stopChunkImpl(TracingImpl.java:58)
at com.microsoft.playwright.impl.TracingImpl.stop(TracingImpl.java:124)
at baseTest.BaseTestWeb.tearDown(BaseTestWeb.java:132)
at java.base/java.util.concurrent.FutureTask.run(FutureTask.java:317)
at java.base/java.util.concurrent.ThreadPoolExecutor.runWorker(ThreadPoolExecutor.java:1144)
at java.base/java.util.concurrent.ThreadPoolExecutor$Worker.run(ThreadPoolExecutor.java:642)
at java.base/java.lang.Thread.run(Thread.java:1589)
Caused by: com.microsoft.playwright.impl.TargetClosedError: Error {
  message='Target page, context or browser has been closed
  name='TargetClosedError
  stack='TargetClosedError: Target page, context or browser has been closed
    at DispatcherConnection.dispatch (C:\Users\ADMIN\AppData\Local\Temp\playwright-java-1928564142746975049\package\lib\server\dispatchers\dispatcher.js:277:44)
    at transport.onmessage (C:\Users\ADMIN\AppData\Local\Temp\playwright-java-1928564142746975049\package\lib\cli\driver.js:52:57)
    at Immediate._onImmediate (C:\Users\ADMIN\AppData\Local\Temp\playwright-java-1928564142746975049\package\lib\protocol\transport.js:77:34)
    at process.processImmediate (node:internal/timers:478:21)
}
at com.microsoft.playwright.impl.Connection.dispatch(Connection.java:256)
at com.microsoft.playwright.impl.Connection.processOneMessage(Connection.java:209)
at com.microsoft.playwright.impl.ChannelOwner.runUntil(ChannelOwner.java:118)
... 21 more
... Removed 12 stack frames]]>
    </failure>
  </testcase> <!-- @AfterTest tearDown -->
  <testcase classname="testsLayer.LoginPageTest" name="loginTestValidIDPass" time="38.568">
    <failure type="java.lang.AssertionError" message="URL does not contain &amp;apos;dashboard&amp;apos; expected [true] but found [false]">
      <![CDATA[java.lang.AssertionError: URL does not contain 'dashboard' expected [true] but found [false]
at testsLayer.LoginPageTest.loginTestValidIDPass(LoginPageTest.java:30)
at java.base/java.util.ArrayList.forEach(ArrayList.java:1511)
at java.base/java.util.concurrent.FutureTask.run(FutureTask.java:317)
at java.base/java.util.concurrent.ThreadPoolExecutor.runWorker(ThreadPoolExecutor.java:1144)
at java.base/java.util.concurrent.ThreadPoolExecutor$Worker.run(ThreadPoolExecutor.java:642)
at java.base/java.lang.Thread.run(Thread.java:1589)
... Removed 18 stack frames]]>
    </failure>
  </testcase> <!-- loginTestValidIDPass -->
</testsuite> <!-- LoginTest -->
