<?xml version="1.0" encoding="UTF-8"?>
<!-- Generated by org.testng.reporters.JUnitXMLReporter -->
<testsuite ignored="0" hostname="DESKTOP-28CK1DU" failures="0" tests="1" name="LoginTest" time="26.265" errors="0" timestamp="2024-06-24T20:00:32 IST">
  <testcase classname="baseTest.BaseTestWeb" name="@AfterMethod captureScreenshotOnFailure" time="9.643">
    <failure type="com.microsoft.playwright.PlaywrightException" message="Error {
  message=&amp;apos;Target page, context or browser has been closed
  name=&amp;apos;TargetClosedError
  stack=&amp;apos;TargetClosedError:Target page, context or browser has been closed
Error
    at captureRawStack (C:\Users\ADMIN\AppData\Local\Temp\playwright-java-1036034859044001197\package\lib\utils\stackTrace.js:50:17)
    at LongStandingScope._race (C:\Users\ADMIN\AppData\Local\Temp\playwright-java-1036034859044001197\package\lib\utils\manualPromise.js:91:52)
    at LongStandingScope.race (C:\Users\ADMIN\AppData\Local\Temp\playwright-java-1036034859044001197\package\lib\utils\manualPromise.js:84:17)
    at PageDispatcher._handleCommand (C:\Users\ADMIN\AppData\Local\Temp\playwright-java-1036034859044001197\package\lib\server\dispatchers\dispatcher.js:96:36)
    at DispatcherConnection.dispatch (C:\Users\ADMIN\AppData\Local\Temp\playwright-java-1036034859044001197\package\lib\server\dispatchers\dispatcher.js:362:39)
}
Call log:
- taking page screenshot
- waiting for fonts to load...
- fonts loaded
">
      <![CDATA[com.microsoft.playwright.PlaywrightException: Error {
  message='Target page, context or browser has been closed
  name='TargetClosedError
  stack='TargetClosedError:Target page, context or browser has been closed
Error
    at captureRawStack (C:\Users\ADMIN\AppData\Local\Temp\playwright-java-1036034859044001197\package\lib\utils\stackTrace.js:50:17)
    at LongStandingScope._race (C:\Users\ADMIN\AppData\Local\Temp\playwright-java-1036034859044001197\package\lib\utils\manualPromise.js:91:52)
    at LongStandingScope.race (C:\Users\ADMIN\AppData\Local\Temp\playwright-java-1036034859044001197\package\lib\utils\manualPromise.js:84:17)
    at PageDispatcher._handleCommand (C:\Users\ADMIN\AppData\Local\Temp\playwright-java-1036034859044001197\package\lib\server\dispatchers\dispatcher.js:96:36)
    at DispatcherConnection.dispatch (C:\Users\ADMIN\AppData\Local\Temp\playwright-java-1036034859044001197\package\lib\server\dispatchers\dispatcher.js:362:39)
}
Call log:
- taking page screenshot
- waiting for fonts to load...
- fonts loaded

at com.microsoft.playwright.impl.WaitableResult.get(WaitableResult.java:54)
at com.microsoft.playwright.impl.ChannelOwner.runUntil(ChannelOwner.java:120)
at com.microsoft.playwright.impl.Connection.sendMessage(Connection.java:129)
at com.microsoft.playwright.impl.ChannelOwner.sendMessage(ChannelOwner.java:106)
at com.microsoft.playwright.impl.PageImpl.screenshotImpl(PageImpl.java:1094)
at com.microsoft.playwright.impl.PageImpl.lambda$screenshot$65(PageImpl.java:1038)
at com.microsoft.playwright.impl.LoggingSupport.withLogging(LoggingSupport.java:47)
at com.microsoft.playwright.impl.ChannelOwner.withLogging(ChannelOwner.java:89)
at com.microsoft.playwright.impl.PageImpl.screenshot(PageImpl.java:1038)
at baseTest.BaseTestWeb.captureSS(BaseTestWeb.java:170)
at baseTest.BaseTestWeb.captureScreenshotOnFailure(BaseTestWeb.java:142)
at java.base/java.util.ArrayList.forEach(ArrayList.java:1511)
at java.base/java.util.concurrent.FutureTask.run(FutureTask.java:317)
at java.base/java.util.concurrent.ThreadPoolExecutor.runWorker(ThreadPoolExecutor.java:1144)
at java.base/java.util.concurrent.ThreadPoolExecutor$Worker.run(ThreadPoolExecutor.java:642)
at java.base/java.lang.Thread.run(Thread.java:1589)
Caused by: com.microsoft.playwright.impl.TargetClosedError: Error {
  message='Target page, context or browser has been closed
  name='TargetClosedError
  stack='TargetClosedError:Target page, context or browser has been closed
Error
    at captureRawStack (C:\Users\ADMIN\AppData\Local\Temp\playwright-java-1036034859044001197\package\lib\utils\stackTrace.js:50:17)
    at LongStandingScope._race (C:\Users\ADMIN\AppData\Local\Temp\playwright-java-1036034859044001197\package\lib\utils\manualPromise.js:91:52)
    at LongStandingScope.race (C:\Users\ADMIN\AppData\Local\Temp\playwright-java-1036034859044001197\package\lib\utils\manualPromise.js:84:17)
    at PageDispatcher._handleCommand (C:\Users\ADMIN\AppData\Local\Temp\playwright-java-1036034859044001197\package\lib\server\dispatchers\dispatcher.js:96:36)
    at DispatcherConnection.dispatch (C:\Users\ADMIN\AppData\Local\Temp\playwright-java-1036034859044001197\package\lib\server\dispatchers\dispatcher.js:362:39)
}
Call log:
- taking page screenshot
- waiting for fonts to load...
- fonts loaded

at com.microsoft.playwright.impl.Connection.dispatch(Connection.java:256)
at com.microsoft.playwright.impl.Connection.processOneMessage(Connection.java:209)
at com.microsoft.playwright.impl.ChannelOwner.runUntil(ChannelOwner.java:118)
at com.microsoft.playwright.impl.Connection.sendMessage(Connection.java:129)
at com.microsoft.playwright.impl.ChannelOwner.sendMessage(ChannelOwner.java:106)
at com.microsoft.playwright.impl.ChannelOwner.sendMessage(ChannelOwner.java:101)
at com.microsoft.playwright.impl.BrowserImpl.closeImpl(BrowserImpl.java:89)
at com.microsoft.playwright.impl.BrowserImpl.lambda$close$0(BrowserImpl.java:72)
at com.microsoft.playwright.impl.LoggingSupport.lambda$withLogging$0(LoggingSupport.java:36)
at com.microsoft.playwright.impl.LoggingSupport.withLogging(LoggingSupport.java:47)
at com.microsoft.playwright.impl.ChannelOwner.withLogging(ChannelOwner.java:89)
at com.microsoft.playwright.impl.LoggingSupport.withLogging(LoggingSupport.java:35)
at com.microsoft.playwright.impl.BrowserImpl.close(BrowserImpl.java:72)
at com.microsoft.playwright.Browser.close(Browser.java:1183)
at baseTest.BaseTestWeb.tearDown(BaseTestWeb.java:133)
... 7 more
... Removed 29 stack frames]]>
    </failure>
  </testcase> <!-- @AfterMethod captureScreenshotOnFailure -->
  <testcase classname="testsLayer.LoginPageTest" name="loginTestValidIDPass" time="3.31"/>
</testsuite> <!-- LoginTest -->
