<?xml version="1.0" encoding="UTF-8"?>
<!-- Generated by org.testng.reporters.JUnitXMLReporter -->
<testsuite ignored="0" hostname="DESKTOP-28CK1DU" failures="0" tests="4" name="LoginDDT" time="24.16" errors="0" timestamp="2024-06-24T20:00:56 IST">
  <testcase classname="testsLayer.LoginDDT" name="loginTestValidIDPass" time="5.56"/>
  <testcase classname="testsLayer.LoginDDT" name="loginTestValidIDPass" time="1.971"/>
  <testcase classname="testsLayer.LoginDDT" name="loginTestValidIDPass" time="2.344"/>
  <testcase classname="testsLayer.LoginDDT" name="loginTestValidIDPass" time="2.397"/>
</testsuite> <!-- LoginDDT -->
