<?xml version="1.0" encoding="UTF-8"?>
<!-- Generated by org.testng.reporters.JUnitXMLReporter -->
<testsuite ignored="0" hostname="DESKTOP-28CK1DU" failures="1" tests="1" name="Login Test Invalid ID" time="25.115" errors="0" timestamp="2024-06-24T10:31:59 IST">
  <testcase classname="tests.LoginTestInvalidID" name="loginTestInValidIDPass" time="2.63">
    <failure type="java.lang.AssertionError" message="expected [true] but found [false]">
      <![CDATA[java.lang.AssertionError: expected [true] but found [false]
at tests.LoginTestInvalidID.loginTestInValidIDPass(LoginTestInvalidID.java:34)
at java.base/java.util.ArrayList.forEach(ArrayList.java:1511)
... Removed 29 stack frames]]>
    </failure>
  </testcase> <!-- loginTestInValidIDPass -->
</testsuite> <!-- Login Test Invalid ID -->
