<?xml version="1.0" encoding="UTF-8"?>
<!-- Generated by org.testng.reporters.JUnitXMLReporter -->
<testsuite ignored="0" hostname="DESKTOP-28CK1DU" failures="0" tests="4" name="Default test" time="32.508" errors="0" timestamp="2024-06-06T08:58:15 IST">
  <testcase classname="tests.LoginDDT" name="loginTestValidIDPass" time="7.299"/>
  <testcase classname="tests.LoginDDT" name="loginTestValidIDPass" time="1.705"/>
  <testcase classname="tests.LoginDDT" name="loginTestValidIDPass" time="1.856"/>
  <testcase classname="tests.LoginDDT" name="loginTestValidIDPass" time="1.278"/>
</testsuite> <!-- Default test -->
