<?xml version="1.0" encoding="UTF-8"?>
<testng-results ignored="0" total="1" passed="1" failed="0" skipped="0">
  <reporter-output>
  </reporter-output>
  <suite started-at="2024-06-04T16:26:47 IST" name="Default suite" finished-at="2024-06-04T16:27:09 IST" duration-ms="22752">
    <groups>
    </groups>
    <test started-at="2024-06-04T16:26:47 IST" name="Default test" finished-at="2024-06-04T16:27:09 IST" duration-ms="22752">
      <class name="tests.AdministratorLoginTest">
        <test-method is-config="true" signature="setup(java.lang.String)[pri:0, instance:tests.AdministratorLoginTest@7db12bb6]" started-at="2024-06-04T16:26:47 IST" name="setup" finished-at="2024-06-04T16:27:01 IST" duration-ms="13884" status="PASS">
          <params>
            <param index="0">
              <value>
                <![CDATA[chrome]]>
              </value>
            </param>
          </params>
          <reporter-output>
          </reporter-output>
        </test-method> <!-- setup -->
        <test-method signature="loginTestValidIDPass()[pri:0, instance:tests.AdministratorLoginTest@7db12bb6]" started-at="2024-06-04T16:27:01 IST" name="loginTestValidIDPass" finished-at="2024-06-04T16:27:08 IST" duration-ms="7782" status="PASS">
          <reporter-output>
          </reporter-output>
        </test-method> <!-- loginTestValidIDPass -->
        <test-method is-config="true" signature="tearDown()[pri:0, instance:tests.AdministratorLoginTest@7db12bb6]" started-at="2024-06-04T16:27:08 IST" name="tearDown" finished-at="2024-06-04T16:27:09 IST" duration-ms="968" status="PASS">
          <reporter-output>
          </reporter-output>
        </test-method> <!-- tearDown -->
      </class> <!-- tests.AdministratorLoginTest -->
    </test> <!-- Default test -->
  </suite> <!-- Default suite -->
</testng-results>
