<?xml version="1.0" encoding="UTF-8"?>
<testng-results ignored="0" total="7" passed="6" failed="1" skipped="0">
  <reporter-output>
  </reporter-output>
  <suite started-at="2024-06-06T10:44:31 IST" name="DeomSuite" finished-at="2024-06-06T10:45:38 IST" duration-ms="66429">
    <groups>
    </groups>
    <test started-at="2024-06-06T10:44:31 IST" name="LoginTest" finished-at="2024-06-06T10:44:53 IST" duration-ms="22034">
      <class name="tests.LoginPageTest">
        <test-method is-config="true" signature="setup(java.lang.String)[pri:0, instance:tests.LoginPageTest@3ba987b8]" started-at="2024-06-06T10:44:31 IST" name="setup" finished-at="2024-06-06T10:44:50 IST" duration-ms="19032" status="PASS">
          <params>
            <param index="0">
              <value>
                <![CDATA[chrome]]>
              </value>
            </param>
          </params>
          <reporter-output>
          </reporter-output>
        </test-method> <!-- setup -->
        <test-method signature="loginTestValidIDPass()[pri:0, instance:tests.LoginPageTest@3ba987b8]" started-at="2024-06-06T10:44:50 IST" name="loginTestValidIDPass" finished-at="2024-06-06T10:44:52 IST" duration-ms="1626" status="PASS">
          <reporter-output>
          </reporter-output>
        </test-method> <!-- loginTestValidIDPass -->
        <test-method is-config="true" signature="tearDown()[pri:0, instance:tests.LoginPageTest@3ba987b8]" started-at="2024-06-06T10:44:52 IST" name="tearDown" finished-at="2024-06-06T10:44:53 IST" duration-ms="1293" status="PASS">
          <reporter-output>
          </reporter-output>
        </test-method> <!-- tearDown -->
      </class> <!-- tests.LoginPageTest -->
    </test> <!-- LoginTest -->
    <test started-at="2024-06-06T10:44:53 IST" name="LoginTestInvalidID" finished-at="2024-06-06T10:45:04 IST" duration-ms="10131">
      <class name="tests.LoginTestInvalidID">
        <test-method is-config="true" signature="setup(java.lang.String)[pri:0, instance:tests.LoginTestInvalidID@792b749c]" started-at="2024-06-06T10:44:53 IST" name="setup" finished-at="2024-06-06T10:45:01 IST" duration-ms="7074" status="PASS">
          <params>
            <param index="0">
              <value>
                <![CDATA[chrome]]>
              </value>
            </param>
          </params>
          <reporter-output>
          </reporter-output>
        </test-method> <!-- setup -->
        <test-method signature="loginTestInValidIDPass()[pri:0, instance:tests.LoginTestInvalidID@792b749c]" started-at="2024-06-06T10:45:01 IST" name="loginTestInValidIDPass" finished-at="2024-06-06T10:45:03 IST" duration-ms="2073" status="FAIL">
          <exception class="java.lang.AssertionError">
            <message>
              <![CDATA[URL does not contain 'dashboard' expected [true] but found [false]]]>
            </message>
            <full-stacktrace>
              <![CDATA[java.lang.AssertionError: URL does not contain 'dashboard' expected [true] but found [false]
at org.testng.Assert.fail(Assert.java:111)
at org.testng.Assert.failNotEquals(Assert.java:1578)
at org.testng.Assert.assertTrue(Assert.java:57)
at tests.LoginTestInvalidID.loginTestInValidIDPass(LoginTestInvalidID.java:19)
at java.base/jdk.internal.reflect.DirectMethodHandleAccessor.invoke(DirectMethodHandleAccessor.java:104)
at java.base/java.lang.reflect.Method.invoke(Method.java:578)
at org.testng.internal.invokers.MethodInvocationHelper.invokeMethod(MethodInvocationHelper.java:139)
at org.testng.internal.invokers.TestInvoker.invokeMethod(TestInvoker.java:664)
at org.testng.internal.invokers.TestInvoker.invokeTestMethod(TestInvoker.java:228)
at org.testng.internal.invokers.MethodRunner.runInSequence(MethodRunner.java:63)
at org.testng.internal.invokers.TestInvoker$MethodInvocationAgent.invoke(TestInvoker.java:961)
at org.testng.internal.invokers.TestInvoker.invokeTestMethods(TestInvoker.java:201)
at org.testng.internal.invokers.TestMethodWorker.invokeTestMethods(TestMethodWorker.java:148)
at org.testng.internal.invokers.TestMethodWorker.run(TestMethodWorker.java:128)
at java.base/java.util.ArrayList.forEach(ArrayList.java:1511)
at org.testng.TestRunner.privateRun(TestRunner.java:819)
at org.testng.TestRunner.run(TestRunner.java:619)
at org.testng.SuiteRunner.runTest(SuiteRunner.java:443)
at org.testng.SuiteRunner.runSequentially(SuiteRunner.java:437)
at org.testng.SuiteRunner.privateRun(SuiteRunner.java:397)
at org.testng.SuiteRunner.run(SuiteRunner.java:336)
at org.testng.SuiteRunnerWorker.runSuite(SuiteRunnerWorker.java:52)
at org.testng.SuiteRunnerWorker.run(SuiteRunnerWorker.java:95)
at org.testng.TestNG.runSuitesSequentially(TestNG.java:1301)
at org.testng.TestNG.runSuitesLocally(TestNG.java:1228)
at org.testng.TestNG.runSuites(TestNG.java:1134)
at org.testng.TestNG.run(TestNG.java:1101)
at org.testng.remote.AbstractRemoteTestNG.run(AbstractRemoteTestNG.java:115)
at org.testng.remote.RemoteTestNG.initAndRun(RemoteTestNG.java:293)
at org.testng.remote.RemoteTestNG.main(RemoteTestNG.java:91)
]]>
            </full-stacktrace>
          </exception> <!-- java.lang.AssertionError -->
          <reporter-output>
          </reporter-output>
        </test-method> <!-- loginTestInValidIDPass -->
        <test-method is-config="true" signature="tearDown()[pri:0, instance:tests.LoginTestInvalidID@792b749c]" started-at="2024-06-06T10:45:03 IST" name="tearDown" finished-at="2024-06-06T10:45:04 IST" duration-ms="976" status="PASS">
          <reporter-output>
          </reporter-output>
        </test-method> <!-- tearDown -->
      </class> <!-- tests.LoginTestInvalidID -->
    </test> <!-- LoginTestInvalidID -->
    <test started-at="2024-06-06T10:45:04 IST" name="LoginAdministrator" finished-at="2024-06-06T10:45:18 IST" duration-ms="14128">
      <class name="tests.AdministratorLoginTest">
        <test-method is-config="true" signature="setup(java.lang.String)[pri:0, instance:tests.AdministratorLoginTest@73eb439a]" started-at="2024-06-06T10:45:04 IST" name="setup" finished-at="2024-06-06T10:45:10 IST" duration-ms="6171" status="PASS">
          <params>
            <param index="0">
              <value>
                <![CDATA[chrome]]>
              </value>
            </param>
          </params>
          <reporter-output>
          </reporter-output>
        </test-method> <!-- setup -->
        <test-method signature="loginTestValidIDPass()[pri:0, instance:tests.AdministratorLoginTest@73eb439a]" started-at="2024-06-06T10:45:10 IST" name="loginTestValidIDPass" finished-at="2024-06-06T10:45:17 IST" duration-ms="7117" status="PASS">
          <reporter-output>
          </reporter-output>
        </test-method> <!-- loginTestValidIDPass -->
        <test-method is-config="true" signature="tearDown()[pri:0, instance:tests.AdministratorLoginTest@73eb439a]" started-at="2024-06-06T10:45:17 IST" name="tearDown" finished-at="2024-06-06T10:45:18 IST" duration-ms="833" status="PASS">
          <reporter-output>
          </reporter-output>
        </test-method> <!-- tearDown -->
      </class> <!-- tests.AdministratorLoginTest -->
    </test> <!-- LoginAdministrator -->
    <test started-at="2024-06-06T10:45:18 IST" name="LoginDdt" finished-at="2024-06-06T10:45:38 IST" duration-ms="20065">
      <class name="tests.LoginDDT">
        <test-method is-config="true" signature="setup(java.lang.String)[pri:0, instance:tests.LoginDDT@65987993]" started-at="2024-06-06T10:45:18 IST" name="setup" finished-at="2024-06-06T10:45:27 IST" duration-ms="9661" status="PASS">
          <params>
            <param index="0">
              <value>
                <![CDATA[chrome]]>
              </value>
            </param>
          </params>
          <reporter-output>
          </reporter-output>
        </test-method> <!-- setup -->
        <test-method signature="loginTestValidIDPass(java.lang.String,java.lang.String,java.lang.String)[pri:0, instance:tests.LoginDDT@65987993]" started-at="2024-06-06T10:45:27 IST" name="loginTestValidIDPass" data-provider="LoginData" finished-at="2024-06-06T10:45:32 IST" duration-ms="4352" status="PASS">
          <params>
            <param index="0">
              <value>
                <![CDATA[Admin]]>
              </value>
            </param>
            <param index="1">
              <value>
                <![CDATA[admin123]]>
              </value>
            </param>
            <param index="2">
              <value>
                <![CDATA[dashboard]]>
              </value>
            </param>
          </params>
          <reporter-output>
          </reporter-output>
        </test-method> <!-- loginTestValidIDPass -->
        <test-method signature="loginTestValidIDPass(java.lang.String,java.lang.String,java.lang.String)[pri:0, instance:tests.LoginDDT@65987993]" started-at="2024-06-06T10:45:32 IST" name="loginTestValidIDPass" data-provider="LoginData" finished-at="2024-06-06T10:45:33 IST" duration-ms="1680" status="PASS">
          <params>
            <param index="0">
              <value>
                <![CDATA[Admin]]>
              </value>
            </param>
            <param index="1">
              <value>
                <![CDATA[admin]]>
              </value>
            </param>
            <param index="2">
              <value>
                <![CDATA[login]]>
              </value>
            </param>
          </params>
          <reporter-output>
          </reporter-output>
        </test-method> <!-- loginTestValidIDPass -->
        <test-method signature="loginTestValidIDPass(java.lang.String,java.lang.String,java.lang.String)[pri:0, instance:tests.LoginDDT@65987993]" started-at="2024-06-06T10:45:33 IST" name="loginTestValidIDPass" data-provider="LoginData" finished-at="2024-06-06T10:45:35 IST" duration-ms="1875" status="PASS">
          <params>
            <param index="0">
              <value>
                <![CDATA[AAAA]]>
              </value>
            </param>
            <param index="1">
              <value>
                <![CDATA[admin123]]>
              </value>
            </param>
            <param index="2">
              <value>
                <![CDATA[login]]>
              </value>
            </param>
          </params>
          <reporter-output>
          </reporter-output>
        </test-method> <!-- loginTestValidIDPass -->
        <test-method signature="loginTestValidIDPass(java.lang.String,java.lang.String,java.lang.String)[pri:0, instance:tests.LoginDDT@65987993]" started-at="2024-06-06T10:45:35 IST" name="loginTestValidIDPass" data-provider="LoginData" finished-at="2024-06-06T10:45:37 IST" duration-ms="1302" status="PASS">
          <params>
            <param index="0">
              <value>
                <![CDATA[Admina]]>
              </value>
            </param>
            <param index="1">
              <value>
                <![CDATA[Admina]]>
              </value>
            </param>
            <param index="2">
              <value>
                <![CDATA[login]]>
              </value>
            </param>
          </params>
          <reporter-output>
          </reporter-output>
        </test-method> <!-- loginTestValidIDPass -->
        <test-method is-config="true" signature="tearDown()[pri:0, instance:tests.LoginDDT@65987993]" started-at="2024-06-06T10:45:37 IST" name="tearDown" finished-at="2024-06-06T10:45:38 IST" duration-ms="1141" status="PASS">
          <reporter-output>
          </reporter-output>
        </test-method> <!-- tearDown -->
      </class> <!-- tests.LoginDDT -->
    </test> <!-- LoginDdt -->
  </suite> <!-- DeomSuite -->
</testng-results>
