<?xml version="1.0" encoding="UTF-8"?>
<testng-results ignored="0" total="9" passed="8" failed="1" skipped="0">
  <reporter-output>
  </reporter-output>
  <suite started-at="2024-06-24T22:36:53 IST" name="DeomSuite" finished-at="2024-06-24T22:39:10 IST" duration-ms="137634">
    <groups>
    </groups>
    <test started-at="2024-06-24T22:36:53 IST" name="LoginTest" finished-at="2024-06-24T22:38:09 IST" duration-ms="75779">
      <class name="testsLayer.LoginPageTest">
        <test-method is-config="true" signature="setup(java.lang.String)[pri:0, instance:testsLayer.LoginPageTest@31ea9581]" started-at="2024-06-24T22:36:53 IST" name="setup" finished-at="2024-06-24T22:37:35 IST" duration-ms="42231" status="PASS">
          <params>
            <param index="0">
              <value>
                <![CDATA[firefox]]>
              </value>
            </param>
          </params>
          <reporter-output>
          </reporter-output>
        </test-method> <!-- setup -->
        <test-method signature="loginTestValidIDPass()[pri:0, instance:testsLayer.LoginPageTest@31ea9581]" started-at="2024-06-24T22:37:35 IST" name="loginTestValidIDPass" finished-at="2024-06-24T22:37:41 IST" duration-ms="5942" status="PASS">
          <reporter-output>
          </reporter-output>
        </test-method> <!-- loginTestValidIDPass -->
        <test-method is-config="true" signature="captureScreenshotOnFailure(org.testng.ITestResult)[pri:0, instance:testsLayer.LoginPageTest@31ea9581]" started-at="2024-06-24T22:37:41 IST" name="captureScreenshotOnFailure" finished-at="2024-06-24T22:37:47 IST" duration-ms="5640" status="PASS">
          <params>
            <param index="0">
              <value>
                <![CDATA[[TestResult name=loginTestValidIDPass status=SUCCESS method=LoginPageTest.loginTestValidIDPass()[pri:0, instance:testsLayer.LoginPageTest@31ea9581] output={null}]]]>
              </value>
            </param>
          </params>
          <reporter-output>
          </reporter-output>
        </test-method> <!-- captureScreenshotOnFailure -->
        <test-method is-config="true" signature="tearDown()[pri:0, instance:testsLayer.LoginPageTest@31ea9581]" started-at="2024-06-24T22:37:47 IST" name="tearDown" finished-at="2024-06-24T22:38:09 IST" duration-ms="21931" status="PASS">
          <reporter-output>
          </reporter-output>
        </test-method> <!-- tearDown -->
      </class> <!-- testsLayer.LoginPageTest -->
    </test> <!-- LoginTest -->
    <test started-at="2024-06-24T22:36:53 IST" name="LoginTestInvalidID" finished-at="2024-06-24T22:38:13 IST" duration-ms="80476">
      <class name="testsLayer.LoginTestInvalidID">
        <test-method is-config="true" signature="setup(java.lang.String)[pri:0, instance:testsLayer.LoginTestInvalidID@5c80cf32]" started-at="2024-06-24T22:36:53 IST" name="setup" finished-at="2024-06-24T22:37:12 IST" duration-ms="19167" status="PASS">
          <params>
            <param index="0">
              <value>
                <![CDATA[chrome]]>
              </value>
            </param>
          </params>
          <reporter-output>
          </reporter-output>
        </test-method> <!-- setup -->
        <test-method signature="loginTestInValidIDPass()[pri:0, instance:testsLayer.LoginTestInvalidID@5c80cf32]" started-at="2024-06-24T22:37:12 IST" name="loginTestInValidIDPass" finished-at="2024-06-24T22:37:21 IST" duration-ms="8837" status="FAIL">
          <exception class="java.lang.AssertionError">
            <message>
              <![CDATA[expected [true] but found [false]]]>
            </message>
            <full-stacktrace>
              <![CDATA[java.lang.AssertionError: expected [true] but found [false]
at org.testng.Assert.fail(Assert.java:111)
at org.testng.Assert.failNotEquals(Assert.java:1578)
at org.testng.Assert.assertTrue(Assert.java:57)
at org.testng.Assert.assertTrue(Assert.java:67)
at testsLayer.LoginTestInvalidID.loginTestInValidIDPass(LoginTestInvalidID.java:34)
at java.base/jdk.internal.reflect.DirectMethodHandleAccessor.invoke(DirectMethodHandleAccessor.java:104)
at java.base/java.lang.reflect.Method.invoke(Method.java:578)
at org.testng.internal.invokers.MethodInvocationHelper.invokeMethod(MethodInvocationHelper.java:139)
at org.testng.internal.invokers.TestInvoker.invokeMethod(TestInvoker.java:664)
at org.testng.internal.invokers.TestInvoker.invokeTestMethod(TestInvoker.java:228)
at org.testng.internal.invokers.MethodRunner.runInSequence(MethodRunner.java:63)
at org.testng.internal.invokers.TestInvoker$MethodInvocationAgent.invoke(TestInvoker.java:961)
at org.testng.internal.invokers.TestInvoker.invokeTestMethods(TestInvoker.java:201)
at org.testng.internal.invokers.TestMethodWorker.invokeTestMethods(TestMethodWorker.java:148)
at org.testng.internal.invokers.TestMethodWorker.run(TestMethodWorker.java:128)
at java.base/java.util.ArrayList.forEach(ArrayList.java:1511)
at org.testng.TestRunner.privateRun(TestRunner.java:819)
at org.testng.TestRunner.run(TestRunner.java:619)
at org.testng.SuiteRunner.runTest(SuiteRunner.java:443)
at org.testng.SuiteRunner$SuiteWorker.run(SuiteRunner.java:481)
at org.testng.internal.thread.ThreadUtil.lambda$execute$0(ThreadUtil.java:58)
at java.base/java.util.concurrent.FutureTask.run(FutureTask.java:317)
at java.base/java.util.concurrent.ThreadPoolExecutor.runWorker(ThreadPoolExecutor.java:1144)
at java.base/java.util.concurrent.ThreadPoolExecutor$Worker.run(ThreadPoolExecutor.java:642)
at java.base/java.lang.Thread.run(Thread.java:1589)
]]>
            </full-stacktrace>
          </exception> <!-- java.lang.AssertionError -->
          <reporter-output>
          </reporter-output>
        </test-method> <!-- loginTestInValidIDPass -->
        <test-method is-config="true" signature="captureScreenshotOnFailure(org.testng.ITestResult)[pri:0, instance:testsLayer.LoginTestInvalidID@5c80cf32]" started-at="2024-06-24T22:37:21 IST" name="captureScreenshotOnFailure" finished-at="2024-06-24T22:37:35 IST" duration-ms="13882" status="PASS">
          <params>
            <param index="0">
              <value>
                <![CDATA[[TestResult name=loginTestInValidIDPass status=FAILURE method=LoginTestInvalidID.loginTestInValidIDPass()[pri:0, instance:testsLayer.LoginTestInvalidID@5c80cf32] output={null}]]]>
              </value>
            </param>
          </params>
          <reporter-output>
          </reporter-output>
        </test-method> <!-- captureScreenshotOnFailure -->
        <test-method is-config="true" signature="tearDown()[pri:0, instance:testsLayer.LoginTestInvalidID@5c80cf32]" started-at="2024-06-24T22:37:35 IST" name="tearDown" finished-at="2024-06-24T22:38:13 IST" duration-ms="38554" status="PASS">
          <reporter-output>
          </reporter-output>
        </test-method> <!-- tearDown -->
      </class> <!-- testsLayer.LoginTestInvalidID -->
    </test> <!-- LoginTestInvalidID -->
    <test started-at="2024-06-24T22:36:53 IST" name="Admin System User Search" finished-at="2024-06-24T22:38:23 IST" duration-ms="90057">
      <class name="testsLayer.AdminSystemUserSearch">
        <test-method is-config="true" signature="setup(java.lang.String)[pri:0, instance:testsLayer.AdminSystemUserSearch@1a245833]" started-at="2024-06-24T22:36:53 IST" name="setup" finished-at="2024-06-24T22:37:13 IST" duration-ms="19852" status="PASS">
          <params>
            <param index="0">
              <value>
                <![CDATA[edge]]>
              </value>
            </param>
          </params>
          <reporter-output>
          </reporter-output>
        </test-method> <!-- setup -->
        <test-method signature="test()[pri:0, instance:testsLayer.AdminSystemUserSearch@1a245833]" started-at="2024-06-24T22:37:13 IST" name="test" finished-at="2024-06-24T22:37:42 IST" duration-ms="29408" status="PASS">
          <reporter-output>
          </reporter-output>
        </test-method> <!-- test -->
        <test-method is-config="true" signature="captureScreenshotOnFailure(org.testng.ITestResult)[pri:0, instance:testsLayer.AdminSystemUserSearch@1a245833]" started-at="2024-06-24T22:37:42 IST" name="captureScreenshotOnFailure" finished-at="2024-06-24T22:37:48 IST" duration-ms="5464" status="PASS">
          <params>
            <param index="0">
              <value>
                <![CDATA[[TestResult name=test status=SUCCESS method=AdminSystemUserSearch.test()[pri:0, instance:testsLayer.AdminSystemUserSearch@1a245833] output={null}]]]>
              </value>
            </param>
          </params>
          <reporter-output>
          </reporter-output>
        </test-method> <!-- captureScreenshotOnFailure -->
        <test-method is-config="true" signature="tearDown()[pri:0, instance:testsLayer.AdminSystemUserSearch@1a245833]" started-at="2024-06-24T22:37:48 IST" name="tearDown" finished-at="2024-06-24T22:38:23 IST" duration-ms="35320" status="PASS">
          <reporter-output>
          </reporter-output>
        </test-method> <!-- tearDown -->
      </class> <!-- testsLayer.AdminSystemUserSearch -->
    </test> <!-- Admin System User Search -->
    <test started-at="2024-06-24T22:36:53 IST" name="LoginDDT" finished-at="2024-06-24T22:38:27 IST" duration-ms="93689">
      <class name="testsLayer.LoginDDT">
        <test-method is-config="true" signature="setup(java.lang.String)[pri:0, instance:testsLayer.LoginDDT@194fad1]" started-at="2024-06-24T22:36:53 IST" name="setup" finished-at="2024-06-24T22:37:12 IST" duration-ms="18775" status="PASS">
          <params>
            <param index="0">
              <value>
                <![CDATA[chrome]]>
              </value>
            </param>
          </params>
          <reporter-output>
          </reporter-output>
        </test-method> <!-- setup -->
        <test-method signature="loginTestValidIDPass(java.lang.String,java.lang.String,java.lang.String,java.lang.String)[pri:0, instance:testsLayer.LoginDDT@194fad1]" started-at="2024-06-24T22:37:12 IST" name="loginTestValidIDPass" data-provider="LoginData" finished-at="2024-06-24T22:37:32 IST" duration-ms="20299" status="PASS">
          <params>
            <param index="0">
              <value>
                <![CDATA[Admin]]>
              </value>
            </param>
            <param index="1">
              <value>
                <![CDATA[admin123]]>
              </value>
            </param>
            <param index="2">
              <value>
                <![CDATA[dashboard]]>
              </value>
            </param>
            <param index="3">
              <value>
                <![CDATA[Valid ID and Pass]]>
              </value>
            </param>
          </params>
          <reporter-output>
          </reporter-output>
        </test-method> <!-- loginTestValidIDPass -->
        <test-method is-config="true" signature="captureScreenshotOnFailure(org.testng.ITestResult)[pri:0, instance:testsLayer.LoginDDT@194fad1]" started-at="2024-06-24T22:37:32 IST" name="captureScreenshotOnFailure" finished-at="2024-06-24T22:37:38 IST" duration-ms="6208" status="PASS">
          <params>
            <param index="0">
              <value>
                <![CDATA[[TestResult name=loginTestValidIDPass status=SUCCESS method=LoginDDT.loginTestValidIDPass(java.lang.String,java.lang.String,java.lang.String,java.lang.String)[pri:0, instance:testsLayer.LoginDDT@194fad1] output={null}]]]>
              </value>
            </param>
          </params>
          <reporter-output>
          </reporter-output>
        </test-method> <!-- captureScreenshotOnFailure -->
        <test-method signature="loginTestValidIDPass(java.lang.String,java.lang.String,java.lang.String,java.lang.String)[pri:0, instance:testsLayer.LoginDDT@194fad1]" started-at="2024-06-24T22:37:38 IST" name="loginTestValidIDPass" data-provider="LoginData" finished-at="2024-06-24T22:37:44 IST" duration-ms="5382" status="PASS">
          <params>
            <param index="0">
              <value>
                <![CDATA[Admin]]>
              </value>
            </param>
            <param index="1">
              <value>
                <![CDATA[admin]]>
              </value>
            </param>
            <param index="2">
              <value>
                <![CDATA[login]]>
              </value>
            </param>
            <param index="3">
              <value>
                <![CDATA[Valid ID Invalid Pass]]>
              </value>
            </param>
          </params>
          <reporter-output>
          </reporter-output>
        </test-method> <!-- loginTestValidIDPass -->
        <test-method is-config="true" signature="captureScreenshotOnFailure(org.testng.ITestResult)[pri:0, instance:testsLayer.LoginDDT@194fad1]" started-at="2024-06-24T22:37:44 IST" name="captureScreenshotOnFailure" finished-at="2024-06-24T22:37:48 IST" duration-ms="4643" status="PASS">
          <params>
            <param index="0">
              <value>
                <![CDATA[[TestResult name=loginTestValidIDPass status=SUCCESS method=LoginDDT.loginTestValidIDPass(java.lang.String,java.lang.String,java.lang.String,java.lang.String)[pri:0, instance:testsLayer.LoginDDT@194fad1] output={null}]]]>
              </value>
            </param>
          </params>
          <reporter-output>
          </reporter-output>
        </test-method> <!-- captureScreenshotOnFailure -->
        <test-method signature="loginTestValidIDPass(java.lang.String,java.lang.String,java.lang.String,java.lang.String)[pri:0, instance:testsLayer.LoginDDT@194fad1]" started-at="2024-06-24T22:37:48 IST" name="loginTestValidIDPass" data-provider="LoginData" finished-at="2024-06-24T22:37:50 IST" duration-ms="2155" status="PASS">
          <params>
            <param index="0">
              <value>
                <![CDATA[AAAA]]>
              </value>
            </param>
            <param index="1">
              <value>
                <![CDATA[admin123]]>
              </value>
            </param>
            <param index="2">
              <value>
                <![CDATA[login]]>
              </value>
            </param>
            <param index="3">
              <value>
                <![CDATA[Invalid ID Valid Pass]]>
              </value>
            </param>
          </params>
          <reporter-output>
          </reporter-output>
        </test-method> <!-- loginTestValidIDPass -->
        <test-method is-config="true" signature="captureScreenshotOnFailure(org.testng.ITestResult)[pri:0, instance:testsLayer.LoginDDT@194fad1]" started-at="2024-06-24T22:37:50 IST" name="captureScreenshotOnFailure" finished-at="2024-06-24T22:37:55 IST" duration-ms="4275" status="PASS">
          <params>
            <param index="0">
              <value>
                <![CDATA[[TestResult name=loginTestValidIDPass status=SUCCESS method=LoginDDT.loginTestValidIDPass(java.lang.String,java.lang.String,java.lang.String,java.lang.String)[pri:0, instance:testsLayer.LoginDDT@194fad1] output={null}]]]>
              </value>
            </param>
          </params>
          <reporter-output>
          </reporter-output>
        </test-method> <!-- captureScreenshotOnFailure -->
        <test-method signature="loginTestValidIDPass(java.lang.String,java.lang.String,java.lang.String,java.lang.String)[pri:0, instance:testsLayer.LoginDDT@194fad1]" started-at="2024-06-24T22:37:55 IST" name="loginTestValidIDPass" data-provider="LoginData" finished-at="2024-06-24T22:37:56 IST" duration-ms="1281" status="PASS">
          <params>
            <param index="0">
              <value>
                <![CDATA[Admina]]>
              </value>
            </param>
            <param index="1">
              <value>
                <![CDATA[Admina]]>
              </value>
            </param>
            <param index="2">
              <value>
                <![CDATA[login]]>
              </value>
            </param>
            <param index="3">
              <value>
                <![CDATA[Invalid ID and Pass]]>
              </value>
            </param>
          </params>
          <reporter-output>
          </reporter-output>
        </test-method> <!-- loginTestValidIDPass -->
        <test-method is-config="true" signature="captureScreenshotOnFailure(org.testng.ITestResult)[pri:0, instance:testsLayer.LoginDDT@194fad1]" started-at="2024-06-24T22:37:56 IST" name="captureScreenshotOnFailure" finished-at="2024-06-24T22:38:00 IST" duration-ms="4267" status="PASS">
          <params>
            <param index="0">
              <value>
                <![CDATA[[TestResult name=loginTestValidIDPass status=SUCCESS method=LoginDDT.loginTestValidIDPass(java.lang.String,java.lang.String,java.lang.String,java.lang.String)[pri:0, instance:testsLayer.LoginDDT@194fad1] output={null}]]]>
              </value>
            </param>
          </params>
          <reporter-output>
          </reporter-output>
        </test-method> <!-- captureScreenshotOnFailure -->
        <test-method is-config="true" signature="tearDown()[pri:0, instance:testsLayer.LoginDDT@194fad1]" started-at="2024-06-24T22:38:00 IST" name="tearDown" finished-at="2024-06-24T22:38:27 IST" duration-ms="26225" status="PASS">
          <reporter-output>
          </reporter-output>
        </test-method> <!-- tearDown -->
      </class> <!-- testsLayer.LoginDDT -->
    </test> <!-- LoginDDT -->
    <test started-at="2024-06-24T22:38:13 IST" name="Add Employee" finished-at="2024-06-24T22:38:58 IST" duration-ms="44907">
      <class name="testsLayer.AddEmploy">
        <test-method is-config="true" signature="setupSuite(java.lang.String)[pri:0, instance:testsLayer.AddEmploy@4b8d604b]" started-at="2024-06-24T22:36:52 IST" name="setupSuite" finished-at="2024-06-24T22:36:53 IST" duration-ms="764" status="PASS">
          <params>
            <param index="0">
              <value>
                <![CDATA[chrome]]>
              </value>
            </param>
          </params>
          <reporter-output>
          </reporter-output>
        </test-method> <!-- setupSuite -->
        <test-method is-config="true" signature="setup(java.lang.String)[pri:0, instance:testsLayer.AddEmploy@4b8d604b]" started-at="2024-06-24T22:38:13 IST" name="setup" finished-at="2024-06-24T22:38:31 IST" duration-ms="17699" status="PASS">
          <params>
            <param index="0">
              <value>
                <![CDATA[firefox]]>
              </value>
            </param>
          </params>
          <reporter-output>
          </reporter-output>
        </test-method> <!-- setup -->
        <test-method signature="AddEmployeeTest()[pri:0, instance:testsLayer.AddEmploy@4b8d604b]" started-at="2024-06-24T22:38:31 IST" name="AddEmployeeTest" finished-at="2024-06-24T22:38:46 IST" duration-ms="14554" status="PASS">
          <reporter-output>
          </reporter-output>
        </test-method> <!-- AddEmployeeTest -->
        <test-method is-config="true" signature="captureScreenshotOnFailure(org.testng.ITestResult)[pri:0, instance:testsLayer.AddEmploy@4b8d604b]" started-at="2024-06-24T22:38:46 IST" name="captureScreenshotOnFailure" finished-at="2024-06-24T22:38:51 IST" duration-ms="5232" status="PASS">
          <params>
            <param index="0">
              <value>
                <![CDATA[[TestResult name=AddEmployeeTest status=SUCCESS method=AddEmploy.AddEmployeeTest()[pri:0, instance:testsLayer.AddEmploy@4b8d604b] output={null}]]]>
              </value>
            </param>
          </params>
          <reporter-output>
          </reporter-output>
        </test-method> <!-- captureScreenshotOnFailure -->
        <test-method is-config="true" signature="tearDown()[pri:0, instance:testsLayer.AddEmploy@4b8d604b]" started-at="2024-06-24T22:38:51 IST" name="tearDown" finished-at="2024-06-24T22:38:58 IST" duration-ms="7415" status="PASS">
          <reporter-output>
          </reporter-output>
        </test-method> <!-- tearDown -->
        <test-method is-config="true" signature="tearDownSuite()[pri:0, instance:testsLayer.AddEmploy@4b8d604b]" started-at="2024-06-24T22:39:10 IST" name="tearDownSuite" finished-at="2024-06-24T22:39:11 IST" duration-ms="601" status="PASS">
          <reporter-output>
          </reporter-output>
        </test-method> <!-- tearDownSuite -->
      </class> <!-- testsLayer.AddEmploy -->
    </test> <!-- Add Employee -->
    <test started-at="2024-06-24T22:38:09 IST" name="Administrator Login Test" finished-at="2024-06-24T22:39:10 IST" duration-ms="61794">
      <class name="testsLayer.AdministratorLoginTest">
        <test-method is-config="true" signature="setup(java.lang.String)[pri:0, instance:testsLayer.AdministratorLoginTest@38467116]" started-at="2024-06-24T22:38:09 IST" name="setup" finished-at="2024-06-24T22:38:28 IST" duration-ms="19599" status="PASS">
          <params>
            <param index="0">
              <value>
                <![CDATA[firefox]]>
              </value>
            </param>
          </params>
          <reporter-output>
          </reporter-output>
        </test-method> <!-- setup -->
        <test-method signature="loginTestValidIDPass()[pri:0, instance:testsLayer.AdministratorLoginTest@38467116]" started-at="2024-06-24T22:38:28 IST" name="loginTestValidIDPass" finished-at="2024-06-24T22:39:03 IST" duration-ms="34739" status="PASS">
          <reporter-output>
          </reporter-output>
        </test-method> <!-- loginTestValidIDPass -->
        <test-method is-config="true" signature="captureScreenshotOnFailure(org.testng.ITestResult)[pri:0, instance:testsLayer.AdministratorLoginTest@38467116]" started-at="2024-06-24T22:39:03 IST" name="captureScreenshotOnFailure" finished-at="2024-06-24T22:39:07 IST" duration-ms="4195" status="PASS">
          <params>
            <param index="0">
              <value>
                <![CDATA[[TestResult name=loginTestValidIDPass status=SUCCESS method=AdministratorLoginTest.loginTestValidIDPass()[pri:0, instance:testsLayer.AdministratorLoginTest@38467116] output={null}]]]>
              </value>
            </param>
          </params>
          <reporter-output>
          </reporter-output>
        </test-method> <!-- captureScreenshotOnFailure -->
        <test-method is-config="true" signature="tearDown()[pri:0, instance:testsLayer.AdministratorLoginTest@38467116]" started-at="2024-06-24T22:39:07 IST" name="tearDown" finished-at="2024-06-24T22:39:10 IST" duration-ms="3255" status="PASS">
          <reporter-output>
          </reporter-output>
        </test-method> <!-- tearDown -->
      </class> <!-- testsLayer.AdministratorLoginTest -->
    </test> <!-- Administrator Login Test -->
  </suite> <!-- DeomSuite -->
</testng-results>
