<?xml version="1.0" encoding="UTF-8"?>
<testng-results ignored="0" total="1" passed="1" failed="0" skipped="0">
  <reporter-output>
  </reporter-output>
  <suite started-at="2024-06-03T17:59:29 IST" name="Default suite" finished-at="2024-06-03T17:59:48 IST" duration-ms="18663">
    <groups>
    </groups>
    <test started-at="2024-06-03T17:59:29 IST" name="Default test" finished-at="2024-06-03T17:59:48 IST" duration-ms="18663">
      <class name="tests.LoginPageTest">
        <test-method is-config="true" signature="setup(java.lang.String)[pri:0, instance:tests.LoginPageTest@7db12bb6]" started-at="2024-06-03T17:59:29 IST" name="setup" finished-at="2024-06-03T17:59:43 IST" duration-ms="13634" status="PASS">
          <params>
            <param index="0">
              <value>
                <![CDATA[chrome]]>
              </value>
            </param>
          </params>
          <reporter-output>
          </reporter-output>
        </test-method> <!-- setup -->
        <test-method signature="loginPageTitleTest()[pri:0, instance:tests.LoginPageTest@7db12bb6]" started-at="2024-06-03T17:59:43 IST" name="loginPageTitleTest" finished-at="2024-06-03T17:59:46 IST" duration-ms="3077" status="PASS">
          <reporter-output>
          </reporter-output>
        </test-method> <!-- loginPageTitleTest -->
        <test-method is-config="true" signature="tearDown()[pri:0, instance:tests.LoginPageTest@7db12bb6]" started-at="2024-06-03T17:59:46 IST" name="tearDown" finished-at="2024-06-03T17:59:48 IST" duration-ms="1813" status="PASS">
          <reporter-output>
          </reporter-output>
        </test-method> <!-- tearDown -->
      </class> <!-- tests.LoginPageTest -->
    </test> <!-- Default test -->
  </suite> <!-- Default suite -->
</testng-results>
