<?xml version="1.0" encoding="UTF-8"?>
<testng-results ignored="0" total="9" passed="8" failed="1" skipped="0">
  <reporter-output>
  </reporter-output>
  <suite started-at="2024-06-24T15:46:42 IST" name="DeomSuite" finished-at="2024-06-24T15:48:42 IST" duration-ms="119915">
    <groups>
    </groups>
    <test started-at="2024-06-24T15:46:42 IST" name="Login Test" finished-at="2024-06-24T15:47:06 IST" duration-ms="23863">
      <class name="testsLayer.LoginPageTest">
        <test-method is-config="true" signature="setup(java.lang.String)[pri:0, instance:testsLayer.LoginPageTest@7ce69770]" started-at="2024-06-24T15:46:42 IST" name="setup" finished-at="2024-06-24T15:47:02 IST" duration-ms="19414" status="PASS">
          <params>
            <param index="0">
              <value>
                <![CDATA[chrome]]>
              </value>
            </param>
          </params>
          <reporter-output>
          </reporter-output>
        </test-method> <!-- setup -->
        <test-method signature="loginTestValidIDPass()[pri:0, instance:testsLayer.LoginPageTest@7ce69770]" started-at="2024-06-24T15:47:02 IST" name="loginTestValidIDPass" finished-at="2024-06-24T15:47:04 IST" duration-ms="2519" status="PASS">
          <reporter-output>
          </reporter-output>
        </test-method> <!-- loginTestValidIDPass -->
        <test-method is-config="true" signature="captureScreenshotOnFailure(org.testng.ITestResult)[pri:0, instance:testsLayer.LoginPageTest@7ce69770]" started-at="2024-06-24T15:47:04 IST" name="captureScreenshotOnFailure" finished-at="2024-06-24T15:47:04 IST" duration-ms="15" status="PASS">
          <params>
            <param index="0">
              <value>
                <![CDATA[[TestResult name=loginTestValidIDPass status=SUCCESS method=LoginPageTest.loginTestValidIDPass()[pri:0, instance:testsLayer.LoginPageTest@7ce69770] output={null}]]]>
              </value>
            </param>
          </params>
          <reporter-output>
          </reporter-output>
        </test-method> <!-- captureScreenshotOnFailure -->
        <test-method is-config="true" signature="tearDown()[pri:0, instance:testsLayer.LoginPageTest@7ce69770]" started-at="2024-06-24T15:47:04 IST" name="tearDown" finished-at="2024-06-24T15:47:06 IST" duration-ms="1758" status="PASS">
          <reporter-output>
          </reporter-output>
        </test-method> <!-- tearDown -->
      </class> <!-- testsLayer.LoginPageTest -->
    </test> <!-- Login Test -->
    <test started-at="2024-06-24T15:47:06 IST" name="LoginTestDDT" finished-at="2024-06-24T15:47:30 IST" duration-ms="23721">
      <class name="testsLayer.LoginDDT">
        <test-method is-config="true" signature="setup(java.lang.String)[pri:0, instance:testsLayer.LoginDDT@239a307b]" started-at="2024-06-24T15:47:06 IST" name="setup" finished-at="2024-06-24T15:47:17 IST" duration-ms="10286" status="PASS">
          <params>
            <param index="0">
              <value>
                <![CDATA[chrome]]>
              </value>
            </param>
          </params>
          <reporter-output>
          </reporter-output>
        </test-method> <!-- setup -->
        <test-method signature="loginTestValidIDPass(java.lang.String,java.lang.String,java.lang.String,java.lang.String)[pri:0, instance:testsLayer.LoginDDT@239a307b]" started-at="2024-06-24T15:47:17 IST" name="loginTestValidIDPass" data-provider="LoginData" finished-at="2024-06-24T15:47:24 IST" duration-ms="6853" status="PASS">
          <params>
            <param index="0">
              <value>
                <![CDATA[Admin]]>
              </value>
            </param>
            <param index="1">
              <value>
                <![CDATA[admin123]]>
              </value>
            </param>
            <param index="2">
              <value>
                <![CDATA[dashboard]]>
              </value>
            </param>
            <param index="3">
              <value>
                <![CDATA[Valid ID and Pass]]>
              </value>
            </param>
          </params>
          <reporter-output>
          </reporter-output>
        </test-method> <!-- loginTestValidIDPass -->
        <test-method is-config="true" signature="captureScreenshotOnFailure(org.testng.ITestResult)[pri:0, instance:testsLayer.LoginDDT@239a307b]" started-at="2024-06-24T15:47:24 IST" name="captureScreenshotOnFailure" finished-at="2024-06-24T15:47:24 IST" duration-ms="0" status="PASS">
          <params>
            <param index="0">
              <value>
                <![CDATA[[TestResult name=loginTestValidIDPass status=SUCCESS method=LoginDDT.loginTestValidIDPass(java.lang.String,java.lang.String,java.lang.String,java.lang.String)[pri:0, instance:testsLayer.LoginDDT@239a307b] output={null}]]]>
              </value>
            </param>
          </params>
          <reporter-output>
          </reporter-output>
        </test-method> <!-- captureScreenshotOnFailure -->
        <test-method signature="loginTestValidIDPass(java.lang.String,java.lang.String,java.lang.String,java.lang.String)[pri:0, instance:testsLayer.LoginDDT@239a307b]" started-at="2024-06-24T15:47:24 IST" name="loginTestValidIDPass" data-provider="LoginData" finished-at="2024-06-24T15:47:26 IST" duration-ms="2013" status="PASS">
          <params>
            <param index="0">
              <value>
                <![CDATA[Admin]]>
              </value>
            </param>
            <param index="1">
              <value>
                <![CDATA[admin]]>
              </value>
            </param>
            <param index="2">
              <value>
                <![CDATA[login]]>
              </value>
            </param>
            <param index="3">
              <value>
                <![CDATA[Valid ID Invalid Pass]]>
              </value>
            </param>
          </params>
          <reporter-output>
          </reporter-output>
        </test-method> <!-- loginTestValidIDPass -->
        <test-method is-config="true" signature="captureScreenshotOnFailure(org.testng.ITestResult)[pri:0, instance:testsLayer.LoginDDT@239a307b]" started-at="2024-06-24T15:47:26 IST" name="captureScreenshotOnFailure" finished-at="2024-06-24T15:47:26 IST" duration-ms="0" status="PASS">
          <params>
            <param index="0">
              <value>
                <![CDATA[[TestResult name=loginTestValidIDPass status=SUCCESS method=LoginDDT.loginTestValidIDPass(java.lang.String,java.lang.String,java.lang.String,java.lang.String)[pri:0, instance:testsLayer.LoginDDT@239a307b] output={null}]]]>
              </value>
            </param>
          </params>
          <reporter-output>
          </reporter-output>
        </test-method> <!-- captureScreenshotOnFailure -->
        <test-method signature="loginTestValidIDPass(java.lang.String,java.lang.String,java.lang.String,java.lang.String)[pri:0, instance:testsLayer.LoginDDT@239a307b]" started-at="2024-06-24T15:47:26 IST" name="loginTestValidIDPass" data-provider="LoginData" finished-at="2024-06-24T15:47:27 IST" duration-ms="1448" status="PASS">
          <params>
            <param index="0">
              <value>
                <![CDATA[AAAA]]>
              </value>
            </param>
            <param index="1">
              <value>
                <![CDATA[admin123]]>
              </value>
            </param>
            <param index="2">
              <value>
                <![CDATA[login]]>
              </value>
            </param>
            <param index="3">
              <value>
                <![CDATA[Invalid ID Valid Pass]]>
              </value>
            </param>
          </params>
          <reporter-output>
          </reporter-output>
        </test-method> <!-- loginTestValidIDPass -->
        <test-method is-config="true" signature="captureScreenshotOnFailure(org.testng.ITestResult)[pri:0, instance:testsLayer.LoginDDT@239a307b]" started-at="2024-06-24T15:47:27 IST" name="captureScreenshotOnFailure" finished-at="2024-06-24T15:47:27 IST" duration-ms="1" status="PASS">
          <params>
            <param index="0">
              <value>
                <![CDATA[[TestResult name=loginTestValidIDPass status=SUCCESS method=LoginDDT.loginTestValidIDPass(java.lang.String,java.lang.String,java.lang.String,java.lang.String)[pri:0, instance:testsLayer.LoginDDT@239a307b] output={null}]]]>
              </value>
            </param>
          </params>
          <reporter-output>
          </reporter-output>
        </test-method> <!-- captureScreenshotOnFailure -->
        <test-method signature="loginTestValidIDPass(java.lang.String,java.lang.String,java.lang.String,java.lang.String)[pri:0, instance:testsLayer.LoginDDT@239a307b]" started-at="2024-06-24T15:47:27 IST" name="loginTestValidIDPass" data-provider="LoginData" finished-at="2024-06-24T15:47:29 IST" duration-ms="1638" status="PASS">
          <params>
            <param index="0">
              <value>
                <![CDATA[Admina]]>
              </value>
            </param>
            <param index="1">
              <value>
                <![CDATA[Admina]]>
              </value>
            </param>
            <param index="2">
              <value>
                <![CDATA[login]]>
              </value>
            </param>
            <param index="3">
              <value>
                <![CDATA[Invalid ID and Pass]]>
              </value>
            </param>
          </params>
          <reporter-output>
          </reporter-output>
        </test-method> <!-- loginTestValidIDPass -->
        <test-method is-config="true" signature="captureScreenshotOnFailure(org.testng.ITestResult)[pri:0, instance:testsLayer.LoginDDT@239a307b]" started-at="2024-06-24T15:47:29 IST" name="captureScreenshotOnFailure" finished-at="2024-06-24T15:47:29 IST" duration-ms="3" status="PASS">
          <params>
            <param index="0">
              <value>
                <![CDATA[[TestResult name=loginTestValidIDPass status=SUCCESS method=LoginDDT.loginTestValidIDPass(java.lang.String,java.lang.String,java.lang.String,java.lang.String)[pri:0, instance:testsLayer.LoginDDT@239a307b] output={null}]]]>
              </value>
            </param>
          </params>
          <reporter-output>
          </reporter-output>
        </test-method> <!-- captureScreenshotOnFailure -->
        <test-method is-config="true" signature="tearDown()[pri:0, instance:testsLayer.LoginDDT@239a307b]" started-at="2024-06-24T15:47:29 IST" name="tearDown" finished-at="2024-06-24T15:47:30 IST" duration-ms="1372" status="PASS">
          <reporter-output>
          </reporter-output>
        </test-method> <!-- tearDown -->
      </class> <!-- testsLayer.LoginDDT -->
    </test> <!-- LoginTestDDT -->
    <test started-at="2024-06-24T15:47:30 IST" name="Login Test Invalid ID" finished-at="2024-06-24T15:47:47 IST" duration-ms="17118">
      <class name="testsLayer.LoginTestInvalidID">
        <test-method is-config="true" signature="setup(java.lang.String)[pri:0, instance:testsLayer.LoginTestInvalidID@5f8e8a9d]" started-at="2024-06-24T15:47:30 IST" name="setup" finished-at="2024-06-24T15:47:40 IST" duration-ms="10160" status="PASS">
          <params>
            <param index="0">
              <value>
                <![CDATA[chrome]]>
              </value>
            </param>
          </params>
          <reporter-output>
          </reporter-output>
        </test-method> <!-- setup -->
        <test-method signature="loginTestInValidIDPass()[pri:0, instance:testsLayer.LoginTestInvalidID@5f8e8a9d]" started-at="2024-06-24T15:47:40 IST" name="loginTestInValidIDPass" finished-at="2024-06-24T15:47:43 IST" duration-ms="2464" status="FAIL">
          <exception class="java.lang.AssertionError">
            <message>
              <![CDATA[expected [true] but found [false]]]>
            </message>
            <full-stacktrace>
              <![CDATA[java.lang.AssertionError: expected [true] but found [false]
at org.testng.Assert.fail(Assert.java:111)
at org.testng.Assert.failNotEquals(Assert.java:1578)
at org.testng.Assert.assertTrue(Assert.java:57)
at org.testng.Assert.assertTrue(Assert.java:67)
at testsLayer.LoginTestInvalidID.loginTestInValidIDPass(LoginTestInvalidID.java:42)
at java.base/jdk.internal.reflect.DirectMethodHandleAccessor.invoke(DirectMethodHandleAccessor.java:104)
at java.base/java.lang.reflect.Method.invoke(Method.java:578)
at org.testng.internal.invokers.MethodInvocationHelper.invokeMethod(MethodInvocationHelper.java:139)
at org.testng.internal.invokers.TestInvoker.invokeMethod(TestInvoker.java:664)
at org.testng.internal.invokers.TestInvoker.invokeTestMethod(TestInvoker.java:228)
at org.testng.internal.invokers.MethodRunner.runInSequence(MethodRunner.java:63)
at org.testng.internal.invokers.TestInvoker$MethodInvocationAgent.invoke(TestInvoker.java:961)
at org.testng.internal.invokers.TestInvoker.invokeTestMethods(TestInvoker.java:201)
at org.testng.internal.invokers.TestMethodWorker.invokeTestMethods(TestMethodWorker.java:148)
at org.testng.internal.invokers.TestMethodWorker.run(TestMethodWorker.java:128)
at java.base/java.util.ArrayList.forEach(ArrayList.java:1511)
at org.testng.TestRunner.privateRun(TestRunner.java:819)
at org.testng.TestRunner.run(TestRunner.java:619)
at org.testng.SuiteRunner.runTest(SuiteRunner.java:443)
at org.testng.SuiteRunner.runSequentially(SuiteRunner.java:437)
at org.testng.SuiteRunner.privateRun(SuiteRunner.java:397)
at org.testng.SuiteRunner.run(SuiteRunner.java:336)
at org.testng.SuiteRunnerWorker.runSuite(SuiteRunnerWorker.java:52)
at org.testng.SuiteRunnerWorker.run(SuiteRunnerWorker.java:95)
at org.testng.TestNG.runSuitesSequentially(TestNG.java:1301)
at org.testng.TestNG.runSuitesLocally(TestNG.java:1228)
at org.testng.TestNG.runSuites(TestNG.java:1134)
at org.testng.TestNG.run(TestNG.java:1101)
at org.testng.remote.AbstractRemoteTestNG.run(AbstractRemoteTestNG.java:115)
at org.testng.remote.RemoteTestNG.initAndRun(RemoteTestNG.java:293)
at org.testng.remote.RemoteTestNG.main(RemoteTestNG.java:91)
]]>
            </full-stacktrace>
          </exception> <!-- java.lang.AssertionError -->
          <reporter-output>
          </reporter-output>
        </test-method> <!-- loginTestInValidIDPass -->
        <test-method is-config="true" signature="captureScreenshotOnFailure(org.testng.ITestResult)[pri:0, instance:testsLayer.LoginTestInvalidID@5f8e8a9d]" started-at="2024-06-24T15:47:43 IST" name="captureScreenshotOnFailure" finished-at="2024-06-24T15:47:46 IST" duration-ms="3370" status="PASS">
          <params>
            <param index="0">
              <value>
                <![CDATA[[TestResult name=loginTestInValidIDPass status=FAILURE method=LoginTestInvalidID.loginTestInValidIDPass()[pri:0, instance:testsLayer.LoginTestInvalidID@5f8e8a9d] output={null}]]]>
              </value>
            </param>
          </params>
          <reporter-output>
          </reporter-output>
        </test-method> <!-- captureScreenshotOnFailure -->
        <test-method is-config="true" signature="tearDown()[pri:0, instance:testsLayer.LoginTestInvalidID@5f8e8a9d]" started-at="2024-06-24T15:47:46 IST" name="tearDown" finished-at="2024-06-24T15:47:47 IST" duration-ms="1116" status="PASS">
          <reporter-output>
          </reporter-output>
        </test-method> <!-- tearDown -->
      </class> <!-- testsLayer.LoginTestInvalidID -->
    </test> <!-- Login Test Invalid ID -->
    <test started-at="2024-06-24T15:47:47 IST" name="Login Administrator" finished-at="2024-06-24T15:48:07 IST" duration-ms="19846">
      <class name="testsLayer.AdministratorLoginTest">
        <test-method is-config="true" signature="setup(java.lang.String)[pri:0, instance:testsLayer.AdministratorLoginTest@6e535154]" started-at="2024-06-24T15:47:47 IST" name="setup" finished-at="2024-06-24T15:47:58 IST" duration-ms="10966" status="PASS">
          <params>
            <param index="0">
              <value>
                <![CDATA[chrome]]>
              </value>
            </param>
          </params>
          <reporter-output>
          </reporter-output>
        </test-method> <!-- setup -->
        <test-method signature="loginTestValidIDPass()[pri:0, instance:testsLayer.AdministratorLoginTest@6e535154]" started-at="2024-06-24T15:47:58 IST" name="loginTestValidIDPass" finished-at="2024-06-24T15:48:06 IST" duration-ms="7522" status="PASS">
          <reporter-output>
          </reporter-output>
        </test-method> <!-- loginTestValidIDPass -->
        <test-method is-config="true" signature="captureScreenshotOnFailure(org.testng.ITestResult)[pri:0, instance:testsLayer.AdministratorLoginTest@6e535154]" started-at="2024-06-24T15:48:06 IST" name="captureScreenshotOnFailure" finished-at="2024-06-24T15:48:06 IST" duration-ms="1" status="PASS">
          <params>
            <param index="0">
              <value>
                <![CDATA[[TestResult name=loginTestValidIDPass status=SUCCESS method=AdministratorLoginTest.loginTestValidIDPass()[pri:0, instance:testsLayer.AdministratorLoginTest@6e535154] output={null}]]]>
              </value>
            </param>
          </params>
          <reporter-output>
          </reporter-output>
        </test-method> <!-- captureScreenshotOnFailure -->
        <test-method is-config="true" signature="tearDown()[pri:0, instance:testsLayer.AdministratorLoginTest@6e535154]" started-at="2024-06-24T15:48:06 IST" name="tearDown" finished-at="2024-06-24T15:48:07 IST" duration-ms="1351" status="PASS">
          <reporter-output>
          </reporter-output>
        </test-method> <!-- tearDown -->
      </class> <!-- testsLayer.AdministratorLoginTest -->
    </test> <!-- Login Administrator -->
    <test started-at="2024-06-24T15:48:07 IST" name="Admin System User Search" finished-at="2024-06-24T15:48:21 IST" duration-ms="14335">
      <class name="testsLayer.AdminSystemUserSearch">
        <test-method is-config="true" signature="setup(java.lang.String)[pri:0, instance:testsLayer.AdminSystemUserSearch@55cb6996]" started-at="2024-06-24T15:48:07 IST" name="setup" finished-at="2024-06-24T15:48:13 IST" duration-ms="6004" status="PASS">
          <params>
            <param index="0">
              <value>
                <![CDATA[chrome]]>
              </value>
            </param>
          </params>
          <reporter-output>
          </reporter-output>
        </test-method> <!-- setup -->
        <test-method signature="test()[pri:0, instance:testsLayer.AdminSystemUserSearch@55cb6996]" started-at="2024-06-24T15:48:13 IST" name="test" finished-at="2024-06-24T15:48:20 IST" duration-ms="6588" status="PASS">
          <reporter-output>
          </reporter-output>
        </test-method> <!-- test -->
        <test-method is-config="true" signature="captureScreenshotOnFailure(org.testng.ITestResult)[pri:0, instance:testsLayer.AdminSystemUserSearch@55cb6996]" started-at="2024-06-24T15:48:20 IST" name="captureScreenshotOnFailure" finished-at="2024-06-24T15:48:20 IST" duration-ms="1" status="PASS">
          <params>
            <param index="0">
              <value>
                <![CDATA[[TestResult name=test status=SUCCESS method=AdminSystemUserSearch.test()[pri:0, instance:testsLayer.AdminSystemUserSearch@55cb6996] output={null}]]]>
              </value>
            </param>
          </params>
          <reporter-output>
          </reporter-output>
        </test-method> <!-- captureScreenshotOnFailure -->
        <test-method is-config="true" signature="tearDown()[pri:0, instance:testsLayer.AdminSystemUserSearch@55cb6996]" started-at="2024-06-24T15:48:20 IST" name="tearDown" finished-at="2024-06-24T15:48:21 IST" duration-ms="1731" status="PASS">
          <reporter-output>
          </reporter-output>
        </test-method> <!-- tearDown -->
      </class> <!-- testsLayer.AdminSystemUserSearch -->
    </test> <!-- Admin System User Search -->
    <test started-at="2024-06-24T15:48:21 IST" name="Add Employee " finished-at="2024-06-24T15:48:42 IST" duration-ms="20926">
      <class name="testsLayer.AddEmploy">
        <test-method is-config="true" signature="setupSuite(java.lang.String)[pri:0, instance:testsLayer.AddEmploy@72c8e7b]" started-at="2024-06-24T15:46:42 IST" name="setupSuite" finished-at="2024-06-24T15:46:42 IST" duration-ms="827" status="PASS">
          <params>
            <param index="0">
              <value>
                <![CDATA[chrome]]>
              </value>
            </param>
          </params>
          <reporter-output>
          </reporter-output>
        </test-method> <!-- setupSuite -->
        <test-method is-config="true" signature="setup(java.lang.String)[pri:0, instance:testsLayer.AddEmploy@72c8e7b]" started-at="2024-06-24T15:48:21 IST" name="setup" finished-at="2024-06-24T15:48:30 IST" duration-ms="8540" status="PASS">
          <params>
            <param index="0">
              <value>
                <![CDATA[chrome]]>
              </value>
            </param>
          </params>
          <reporter-output>
          </reporter-output>
        </test-method> <!-- setup -->
        <test-method signature="AddEmployeeTest()[pri:0, instance:testsLayer.AddEmploy@72c8e7b]" started-at="2024-06-24T15:48:30 IST" name="AddEmployeeTest" finished-at="2024-06-24T15:48:39 IST" duration-ms="8915" status="PASS">
          <reporter-output>
          </reporter-output>
        </test-method> <!-- AddEmployeeTest -->
        <test-method is-config="true" signature="captureScreenshotOnFailure(org.testng.ITestResult)[pri:0, instance:testsLayer.AddEmploy@72c8e7b]" started-at="2024-06-24T15:48:39 IST" name="captureScreenshotOnFailure" finished-at="2024-06-24T15:48:39 IST" duration-ms="11" status="PASS">
          <params>
            <param index="0">
              <value>
                <![CDATA[[TestResult name=AddEmployeeTest status=SUCCESS method=AddEmploy.AddEmployeeTest()[pri:0, instance:testsLayer.AddEmploy@72c8e7b] output={null}]]]>
              </value>
            </param>
          </params>
          <reporter-output>
          </reporter-output>
        </test-method> <!-- captureScreenshotOnFailure -->
        <test-method is-config="true" signature="tearDown()[pri:0, instance:testsLayer.AddEmploy@72c8e7b]" started-at="2024-06-24T15:48:39 IST" name="tearDown" finished-at="2024-06-24T15:48:42 IST" duration-ms="3448" status="PASS">
          <reporter-output>
          </reporter-output>
        </test-method> <!-- tearDown -->
        <test-method is-config="true" signature="tearDownSuite()[pri:0, instance:testsLayer.AddEmploy@72c8e7b]" started-at="2024-06-24T15:48:42 IST" name="tearDownSuite" finished-at="2024-06-24T15:48:43 IST" duration-ms="738" status="PASS">
          <reporter-output>
          </reporter-output>
        </test-method> <!-- tearDownSuite -->
      </class> <!-- testsLayer.AddEmploy -->
    </test> <!-- Add Employee  -->
  </suite> <!-- DeomSuite -->
</testng-results>
