<?xml version="1.0" encoding="UTF-8"?>
<testng-results ignored="0" total="7" passed="6" failed="1" skipped="0">
  <reporter-output>
  </reporter-output>
  <suite started-at="2024-06-13T19:39:38 IST" name="DeomSuite" finished-at="2024-06-13T19:40:54 IST" duration-ms="76332">
    <groups>
    </groups>
    <test started-at="2024-06-13T19:39:38 IST" name="LoginTest" finished-at="2024-06-13T19:39:57 IST" duration-ms="18633">
      <class name="tests.LoginPageTest">
        <test-method is-config="true" signature="setup(java.lang.String)[pri:0, instance:tests.LoginPageTest@7ce026d3]" started-at="2024-06-13T19:39:38 IST" name="setup" finished-at="2024-06-13T19:39:54 IST" duration-ms="15759" status="PASS">
          <params>
            <param index="0">
              <value>
                <![CDATA[chrome]]>
              </value>
            </param>
          </params>
          <reporter-output>
          </reporter-output>
        </test-method> <!-- setup -->
        <test-method signature="loginTestValidIDPass()[pri:0, instance:tests.LoginPageTest@7ce026d3]" started-at="2024-06-13T19:39:54 IST" name="loginTestValidIDPass" finished-at="2024-06-13T19:39:55 IST" duration-ms="1422" status="PASS">
          <reporter-output>
          </reporter-output>
        </test-method> <!-- loginTestValidIDPass -->
        <test-method is-config="true" signature="captureScreenshotOnFailure(org.testng.ITestResult)[pri:0, instance:tests.LoginPageTest@7ce026d3]" started-at="2024-06-13T19:39:55 IST" name="captureScreenshotOnFailure" finished-at="2024-06-13T19:39:55 IST" duration-ms="3" status="PASS">
          <params>
            <param index="0">
              <value>
                <![CDATA[[TestResult name=loginTestValidIDPass status=SUCCESS method=LoginPageTest.loginTestValidIDPass()[pri:0, instance:tests.LoginPageTest@7ce026d3] output={null}]]]>
              </value>
            </param>
          </params>
          <reporter-output>
          </reporter-output>
        </test-method> <!-- captureScreenshotOnFailure -->
        <test-method is-config="true" signature="tearDown()[pri:0, instance:tests.LoginPageTest@7ce026d3]" started-at="2024-06-13T19:39:55 IST" name="tearDown" finished-at="2024-06-13T19:39:57 IST" duration-ms="1356" status="PASS">
          <reporter-output>
          </reporter-output>
        </test-method> <!-- tearDown -->
      </class> <!-- tests.LoginPageTest -->
    </test> <!-- LoginTest -->
    <test started-at="2024-06-13T19:39:57 IST" name="LoginTestInvalidID" finished-at="2024-06-13T19:40:15 IST" duration-ms="18093">
      <class name="tests.LoginTestInvalidID">
        <test-method is-config="true" signature="setup(java.lang.String)[pri:0, instance:tests.LoginTestInvalidID@70cf32e3]" started-at="2024-06-13T19:39:57 IST" name="setup" finished-at="2024-06-13T19:40:08 IST" duration-ms="11156" status="PASS">
          <params>
            <param index="0">
              <value>
                <![CDATA[chrome]]>
              </value>
            </param>
          </params>
          <reporter-output>
          </reporter-output>
        </test-method> <!-- setup -->
        <test-method signature="loginTestInValidIDPass()[pri:0, instance:tests.LoginTestInvalidID@70cf32e3]" started-at="2024-06-13T19:40:08 IST" name="loginTestInValidIDPass" finished-at="2024-06-13T19:40:10 IST" duration-ms="2481" status="FAIL">
          <exception class="java.lang.AssertionError">
            <message>
              <![CDATA[expected [true] but found [false]]]>
            </message>
            <full-stacktrace>
              <![CDATA[java.lang.AssertionError: expected [true] but found [false]
at org.testng.Assert.fail(Assert.java:111)
at org.testng.Assert.failNotEquals(Assert.java:1578)
at org.testng.Assert.assertTrue(Assert.java:57)
at org.testng.Assert.assertTrue(Assert.java:67)
at tests.LoginTestInvalidID.loginTestInValidIDPass(LoginTestInvalidID.java:37)
at java.base/jdk.internal.reflect.DirectMethodHandleAccessor.invoke(DirectMethodHandleAccessor.java:104)
at java.base/java.lang.reflect.Method.invoke(Method.java:578)
at org.testng.internal.invokers.MethodInvocationHelper.invokeMethod(MethodInvocationHelper.java:139)
at org.testng.internal.invokers.TestInvoker.invokeMethod(TestInvoker.java:664)
at org.testng.internal.invokers.TestInvoker.invokeTestMethod(TestInvoker.java:228)
at org.testng.internal.invokers.MethodRunner.runInSequence(MethodRunner.java:63)
at org.testng.internal.invokers.TestInvoker$MethodInvocationAgent.invoke(TestInvoker.java:961)
at org.testng.internal.invokers.TestInvoker.invokeTestMethods(TestInvoker.java:201)
at org.testng.internal.invokers.TestMethodWorker.invokeTestMethods(TestMethodWorker.java:148)
at org.testng.internal.invokers.TestMethodWorker.run(TestMethodWorker.java:128)
at java.base/java.util.ArrayList.forEach(ArrayList.java:1511)
at org.testng.TestRunner.privateRun(TestRunner.java:819)
at org.testng.TestRunner.run(TestRunner.java:619)
at org.testng.SuiteRunner.runTest(SuiteRunner.java:443)
at org.testng.SuiteRunner.runSequentially(SuiteRunner.java:437)
at org.testng.SuiteRunner.privateRun(SuiteRunner.java:397)
at org.testng.SuiteRunner.run(SuiteRunner.java:336)
at org.testng.SuiteRunnerWorker.runSuite(SuiteRunnerWorker.java:52)
at org.testng.SuiteRunnerWorker.run(SuiteRunnerWorker.java:95)
at org.testng.TestNG.runSuitesSequentially(TestNG.java:1301)
at org.testng.TestNG.runSuitesLocally(TestNG.java:1228)
at org.testng.TestNG.runSuites(TestNG.java:1134)
at org.testng.TestNG.run(TestNG.java:1101)
at org.testng.remote.AbstractRemoteTestNG.run(AbstractRemoteTestNG.java:115)
at org.testng.remote.RemoteTestNG.initAndRun(RemoteTestNG.java:293)
at org.testng.remote.RemoteTestNG.main(RemoteTestNG.java:91)
]]>
            </full-stacktrace>
          </exception> <!-- java.lang.AssertionError -->
          <reporter-output>
          </reporter-output>
        </test-method> <!-- loginTestInValidIDPass -->
        <test-method is-config="true" signature="captureScreenshotOnFailure(org.testng.ITestResult)[pri:0, instance:tests.LoginTestInvalidID@70cf32e3]" started-at="2024-06-13T19:40:10 IST" name="captureScreenshotOnFailure" finished-at="2024-06-13T19:40:14 IST" duration-ms="3277" status="PASS">
          <params>
            <param index="0">
              <value>
                <![CDATA[[TestResult name=loginTestInValidIDPass status=FAILURE method=LoginTestInvalidID.loginTestInValidIDPass()[pri:0, instance:tests.LoginTestInvalidID@70cf32e3] output={null}]]]>
              </value>
            </param>
          </params>
          <reporter-output>
          </reporter-output>
        </test-method> <!-- captureScreenshotOnFailure -->
        <test-method is-config="true" signature="tearDown()[pri:0, instance:tests.LoginTestInvalidID@70cf32e3]" started-at="2024-06-13T19:40:14 IST" name="tearDown" finished-at="2024-06-13T19:40:15 IST" duration-ms="1167" status="PASS">
          <reporter-output>
          </reporter-output>
        </test-method> <!-- tearDown -->
      </class> <!-- tests.LoginTestInvalidID -->
    </test> <!-- LoginTestInvalidID -->
    <test started-at="2024-06-13T19:40:15 IST" name="LoginAdministrator" finished-at="2024-06-13T19:40:33 IST" duration-ms="18681">
      <class name="tests.AdministratorLoginTest">
        <test-method is-config="true" signature="setup(java.lang.String)[pri:0, instance:tests.AdministratorLoginTest@6c4906d3]" started-at="2024-06-13T19:40:15 IST" name="setup" finished-at="2024-06-13T19:40:26 IST" duration-ms="11504" status="PASS">
          <params>
            <param index="0">
              <value>
                <![CDATA[chrome]]>
              </value>
            </param>
          </params>
          <reporter-output>
          </reporter-output>
        </test-method> <!-- setup -->
        <test-method signature="loginTestValidIDPass()[pri:0, instance:tests.AdministratorLoginTest@6c4906d3]" started-at="2024-06-13T19:40:26 IST" name="loginTestValidIDPass" finished-at="2024-06-13T19:40:33 IST" duration-ms="6415" status="PASS">
          <reporter-output>
          </reporter-output>
        </test-method> <!-- loginTestValidIDPass -->
        <test-method is-config="true" signature="captureScreenshotOnFailure(org.testng.ITestResult)[pri:0, instance:tests.AdministratorLoginTest@6c4906d3]" started-at="2024-06-13T19:40:33 IST" name="captureScreenshotOnFailure" finished-at="2024-06-13T19:40:33 IST" duration-ms="4" status="PASS">
          <params>
            <param index="0">
              <value>
                <![CDATA[[TestResult name=loginTestValidIDPass status=SUCCESS method=AdministratorLoginTest.loginTestValidIDPass()[pri:0, instance:tests.AdministratorLoginTest@6c4906d3] output={null}]]]>
              </value>
            </param>
          </params>
          <reporter-output>
          </reporter-output>
        </test-method> <!-- captureScreenshotOnFailure -->
        <test-method is-config="true" signature="tearDown()[pri:0, instance:tests.AdministratorLoginTest@6c4906d3]" started-at="2024-06-13T19:40:33 IST" name="tearDown" finished-at="2024-06-13T19:40:33 IST" duration-ms="747" status="PASS">
          <reporter-output>
          </reporter-output>
        </test-method> <!-- tearDown -->
      </class> <!-- tests.AdministratorLoginTest -->
    </test> <!-- LoginAdministrator -->
    <test started-at="2024-06-13T19:40:33 IST" name="LoginTestDDT" finished-at="2024-06-13T19:40:54 IST" duration-ms="20840">
      <class name="tests.LoginDDT">
        <test-method is-config="true" signature="setupSuite()[pri:0, instance:tests.LoginDDT@17bffc17]" started-at="2024-06-13T19:39:37 IST" name="setupSuite" finished-at="2024-06-13T19:39:38 IST" duration-ms="680" status="PASS">
          <reporter-output>
          </reporter-output>
        </test-method> <!-- setupSuite -->
        <test-method is-config="true" signature="setup(java.lang.String)[pri:0, instance:tests.LoginDDT@17bffc17]" started-at="2024-06-13T19:40:33 IST" name="setup" finished-at="2024-06-13T19:40:44 IST" duration-ms="10152" status="PASS">
          <params>
            <param index="0">
              <value>
                <![CDATA[chrome]]>
              </value>
            </param>
          </params>
          <reporter-output>
          </reporter-output>
        </test-method> <!-- setup -->
        <test-method signature="loginTestValidIDPass(java.lang.String,java.lang.String,java.lang.String,java.lang.String)[pri:0, instance:tests.LoginDDT@17bffc17]" started-at="2024-06-13T19:40:44 IST" name="loginTestValidIDPass" data-provider="LoginData" finished-at="2024-06-13T19:40:48 IST" duration-ms="4591" status="PASS">
          <params>
            <param index="0">
              <value>
                <![CDATA[Admin]]>
              </value>
            </param>
            <param index="1">
              <value>
                <![CDATA[admin123]]>
              </value>
            </param>
            <param index="2">
              <value>
                <![CDATA[dashboard]]>
              </value>
            </param>
            <param index="3">
              <value>
                <![CDATA[Valid ID and Pass]]>
              </value>
            </param>
          </params>
          <reporter-output>
          </reporter-output>
        </test-method> <!-- loginTestValidIDPass -->
        <test-method is-config="true" signature="captureScreenshotOnFailure(org.testng.ITestResult)[pri:0, instance:tests.LoginDDT@17bffc17]" started-at="2024-06-13T19:40:48 IST" name="captureScreenshotOnFailure" finished-at="2024-06-13T19:40:48 IST" duration-ms="2" status="PASS">
          <params>
            <param index="0">
              <value>
                <![CDATA[[TestResult name=loginTestValidIDPass status=SUCCESS method=LoginDDT.loginTestValidIDPass(java.lang.String,java.lang.String,java.lang.String,java.lang.String)[pri:0, instance:tests.LoginDDT@17bffc17] output={null}]]]>
              </value>
            </param>
          </params>
          <reporter-output>
          </reporter-output>
        </test-method> <!-- captureScreenshotOnFailure -->
        <test-method signature="loginTestValidIDPass(java.lang.String,java.lang.String,java.lang.String,java.lang.String)[pri:0, instance:tests.LoginDDT@17bffc17]" started-at="2024-06-13T19:40:48 IST" name="loginTestValidIDPass" data-provider="LoginData" finished-at="2024-06-13T19:40:50 IST" duration-ms="1673" status="PASS">
          <params>
            <param index="0">
              <value>
                <![CDATA[Admin]]>
              </value>
            </param>
            <param index="1">
              <value>
                <![CDATA[admin]]>
              </value>
            </param>
            <param index="2">
              <value>
                <![CDATA[login]]>
              </value>
            </param>
            <param index="3">
              <value>
                <![CDATA[Valid ID Invalid Pass]]>
              </value>
            </param>
          </params>
          <reporter-output>
          </reporter-output>
        </test-method> <!-- loginTestValidIDPass -->
        <test-method is-config="true" signature="captureScreenshotOnFailure(org.testng.ITestResult)[pri:0, instance:tests.LoginDDT@17bffc17]" started-at="2024-06-13T19:40:50 IST" name="captureScreenshotOnFailure" finished-at="2024-06-13T19:40:50 IST" duration-ms="1" status="PASS">
          <params>
            <param index="0">
              <value>
                <![CDATA[[TestResult name=loginTestValidIDPass status=SUCCESS method=LoginDDT.loginTestValidIDPass(java.lang.String,java.lang.String,java.lang.String,java.lang.String)[pri:0, instance:tests.LoginDDT@17bffc17] output={null}]]]>
              </value>
            </param>
          </params>
          <reporter-output>
          </reporter-output>
        </test-method> <!-- captureScreenshotOnFailure -->
        <test-method signature="loginTestValidIDPass(java.lang.String,java.lang.String,java.lang.String,java.lang.String)[pri:0, instance:tests.LoginDDT@17bffc17]" started-at="2024-06-13T19:40:50 IST" name="loginTestValidIDPass" data-provider="LoginData" finished-at="2024-06-13T19:40:51 IST" duration-ms="1336" status="PASS">
          <params>
            <param index="0">
              <value>
                <![CDATA[AAAA]]>
              </value>
            </param>
            <param index="1">
              <value>
                <![CDATA[admin123]]>
              </value>
            </param>
            <param index="2">
              <value>
                <![CDATA[login]]>
              </value>
            </param>
            <param index="3">
              <value>
                <![CDATA[Invalid ID Valid Pass]]>
              </value>
            </param>
          </params>
          <reporter-output>
          </reporter-output>
        </test-method> <!-- loginTestValidIDPass -->
        <test-method is-config="true" signature="captureScreenshotOnFailure(org.testng.ITestResult)[pri:0, instance:tests.LoginDDT@17bffc17]" started-at="2024-06-13T19:40:51 IST" name="captureScreenshotOnFailure" finished-at="2024-06-13T19:40:51 IST" duration-ms="1" status="PASS">
          <params>
            <param index="0">
              <value>
                <![CDATA[[TestResult name=loginTestValidIDPass status=SUCCESS method=LoginDDT.loginTestValidIDPass(java.lang.String,java.lang.String,java.lang.String,java.lang.String)[pri:0, instance:tests.LoginDDT@17bffc17] output={null}]]]>
              </value>
            </param>
          </params>
          <reporter-output>
          </reporter-output>
        </test-method> <!-- captureScreenshotOnFailure -->
        <test-method signature="loginTestValidIDPass(java.lang.String,java.lang.String,java.lang.String,java.lang.String)[pri:0, instance:tests.LoginDDT@17bffc17]" started-at="2024-06-13T19:40:51 IST" name="loginTestValidIDPass" data-provider="LoginData" finished-at="2024-06-13T19:40:53 IST" duration-ms="1737" status="PASS">
          <params>
            <param index="0">
              <value>
                <![CDATA[Admina]]>
              </value>
            </param>
            <param index="1">
              <value>
                <![CDATA[Admina]]>
              </value>
            </param>
            <param index="2">
              <value>
                <![CDATA[login]]>
              </value>
            </param>
            <param index="3">
              <value>
                <![CDATA[Invalid ID and Pass]]>
              </value>
            </param>
          </params>
          <reporter-output>
          </reporter-output>
        </test-method> <!-- loginTestValidIDPass -->
        <test-method is-config="true" signature="captureScreenshotOnFailure(org.testng.ITestResult)[pri:0, instance:tests.LoginDDT@17bffc17]" started-at="2024-06-13T19:40:53 IST" name="captureScreenshotOnFailure" finished-at="2024-06-13T19:40:53 IST" duration-ms="0" status="PASS">
          <params>
            <param index="0">
              <value>
                <![CDATA[[TestResult name=loginTestValidIDPass status=SUCCESS method=LoginDDT.loginTestValidIDPass(java.lang.String,java.lang.String,java.lang.String,java.lang.String)[pri:0, instance:tests.LoginDDT@17bffc17] output={null}]]]>
              </value>
            </param>
          </params>
          <reporter-output>
          </reporter-output>
        </test-method> <!-- captureScreenshotOnFailure -->
        <test-method is-config="true" signature="tearDown()[pri:0, instance:tests.LoginDDT@17bffc17]" started-at="2024-06-13T19:40:53 IST" name="tearDown" finished-at="2024-06-13T19:40:54 IST" duration-ms="1281" status="PASS">
          <reporter-output>
          </reporter-output>
        </test-method> <!-- tearDown -->
        <test-method is-config="true" signature="tearDownSuite()[pri:0, instance:tests.LoginDDT@17bffc17]" started-at="2024-06-13T19:40:54 IST" name="tearDownSuite" finished-at="2024-06-13T19:40:55 IST" duration-ms="683" status="PASS">
          <reporter-output>
          </reporter-output>
        </test-method> <!-- tearDownSuite -->
      </class> <!-- tests.LoginDDT -->
    </test> <!-- LoginTestDDT -->
  </suite> <!-- DeomSuite -->
</testng-results>
