<?xml version="1.0" encoding="UTF-8"?>
<testng-results ignored="0" total="8" passed="7" failed="1" skipped="0">
  <reporter-output>
  </reporter-output>
  <suite started-at="2024-06-21T19:55:36 IST" name="DeomSuite" finished-at="2024-06-21T19:57:04 IST" duration-ms="87663">
    <groups>
    </groups>
    <test started-at="2024-06-21T19:55:36 IST" name="Login Test" finished-at="2024-06-21T19:55:55 IST" duration-ms="18340">
      <class name="tests.LoginPageTest">
        <test-method is-config="true" signature="setup(java.lang.String)[pri:0, instance:tests.LoginPageTest@7ce026d3]" started-at="2024-06-21T19:55:36 IST" name="setup" finished-at="2024-06-21T19:55:52 IST" duration-ms="15861" status="PASS">
          <params>
            <param index="0">
              <value>
                <![CDATA[chrome]]>
              </value>
            </param>
          </params>
          <reporter-output>
          </reporter-output>
        </test-method> <!-- setup -->
        <test-method signature="loginTestValidIDPass()[pri:0, instance:tests.LoginPageTest@7ce026d3]" started-at="2024-06-21T19:55:52 IST" name="loginTestValidIDPass" finished-at="2024-06-21T19:55:54 IST" duration-ms="1656" status="PASS">
          <reporter-output>
          </reporter-output>
        </test-method> <!-- loginTestValidIDPass -->
        <test-method is-config="true" signature="captureScreenshotOnFailure(org.testng.ITestResult)[pri:0, instance:tests.LoginPageTest@7ce026d3]" started-at="2024-06-21T19:55:54 IST" name="captureScreenshotOnFailure" finished-at="2024-06-21T19:55:54 IST" duration-ms="19" status="PASS">
          <params>
            <param index="0">
              <value>
                <![CDATA[[TestResult name=loginTestValidIDPass status=SUCCESS method=LoginPageTest.loginTestValidIDPass()[pri:0, instance:tests.LoginPageTest@7ce026d3] output={null}]]]>
              </value>
            </param>
          </params>
          <reporter-output>
          </reporter-output>
        </test-method> <!-- captureScreenshotOnFailure -->
        <test-method is-config="true" signature="tearDown()[pri:0, instance:tests.LoginPageTest@7ce026d3]" started-at="2024-06-21T19:55:54 IST" name="tearDown" finished-at="2024-06-21T19:55:55 IST" duration-ms="739" status="PASS">
          <reporter-output>
          </reporter-output>
        </test-method> <!-- tearDown -->
      </class> <!-- tests.LoginPageTest -->
    </test> <!-- Login Test -->
    <test started-at="2024-06-21T19:55:55 IST" name="LoginTestDDT" finished-at="2024-06-21T19:56:18 IST" duration-ms="22734">
      <class name="tests.LoginDDT">
        <test-method is-config="true" signature="setup(java.lang.String)[pri:0, instance:tests.LoginDDT@43f02ef2]" started-at="2024-06-21T19:55:55 IST" name="setup" finished-at="2024-06-21T19:56:07 IST" duration-ms="12063" status="PASS">
          <params>
            <param index="0">
              <value>
                <![CDATA[chrome]]>
              </value>
            </param>
          </params>
          <reporter-output>
          </reporter-output>
        </test-method> <!-- setup -->
        <test-method signature="loginTestValidIDPass(java.lang.String,java.lang.String,java.lang.String,java.lang.String)[pri:0, instance:tests.LoginDDT@43f02ef2]" started-at="2024-06-21T19:56:07 IST" name="loginTestValidIDPass" data-provider="LoginData" finished-at="2024-06-21T19:56:12 IST" duration-ms="4617" status="PASS">
          <params>
            <param index="0">
              <value>
                <![CDATA[Admin]]>
              </value>
            </param>
            <param index="1">
              <value>
                <![CDATA[admin123]]>
              </value>
            </param>
            <param index="2">
              <value>
                <![CDATA[dashboard]]>
              </value>
            </param>
            <param index="3">
              <value>
                <![CDATA[Valid ID and Pass]]>
              </value>
            </param>
          </params>
          <reporter-output>
          </reporter-output>
        </test-method> <!-- loginTestValidIDPass -->
        <test-method is-config="true" signature="captureScreenshotOnFailure(org.testng.ITestResult)[pri:0, instance:tests.LoginDDT@43f02ef2]" started-at="2024-06-21T19:56:12 IST" name="captureScreenshotOnFailure" finished-at="2024-06-21T19:56:12 IST" duration-ms="1" status="PASS">
          <params>
            <param index="0">
              <value>
                <![CDATA[[TestResult name=loginTestValidIDPass status=SUCCESS method=LoginDDT.loginTestValidIDPass(java.lang.String,java.lang.String,java.lang.String,java.lang.String)[pri:0, instance:tests.LoginDDT@43f02ef2] output={null}]]]>
              </value>
            </param>
          </params>
          <reporter-output>
          </reporter-output>
        </test-method> <!-- captureScreenshotOnFailure -->
        <test-method signature="loginTestValidIDPass(java.lang.String,java.lang.String,java.lang.String,java.lang.String)[pri:0, instance:tests.LoginDDT@43f02ef2]" started-at="2024-06-21T19:56:12 IST" name="loginTestValidIDPass" data-provider="LoginData" finished-at="2024-06-21T19:56:13 IST" duration-ms="1796" status="PASS">
          <params>
            <param index="0">
              <value>
                <![CDATA[Admin]]>
              </value>
            </param>
            <param index="1">
              <value>
                <![CDATA[admin]]>
              </value>
            </param>
            <param index="2">
              <value>
                <![CDATA[login]]>
              </value>
            </param>
            <param index="3">
              <value>
                <![CDATA[Valid ID Invalid Pass]]>
              </value>
            </param>
          </params>
          <reporter-output>
          </reporter-output>
        </test-method> <!-- loginTestValidIDPass -->
        <test-method is-config="true" signature="captureScreenshotOnFailure(org.testng.ITestResult)[pri:0, instance:tests.LoginDDT@43f02ef2]" started-at="2024-06-21T19:56:13 IST" name="captureScreenshotOnFailure" finished-at="2024-06-21T19:56:13 IST" duration-ms="1" status="PASS">
          <params>
            <param index="0">
              <value>
                <![CDATA[[TestResult name=loginTestValidIDPass status=SUCCESS method=LoginDDT.loginTestValidIDPass(java.lang.String,java.lang.String,java.lang.String,java.lang.String)[pri:0, instance:tests.LoginDDT@43f02ef2] output={null}]]]>
              </value>
            </param>
          </params>
          <reporter-output>
          </reporter-output>
        </test-method> <!-- captureScreenshotOnFailure -->
        <test-method signature="loginTestValidIDPass(java.lang.String,java.lang.String,java.lang.String,java.lang.String)[pri:0, instance:tests.LoginDDT@43f02ef2]" started-at="2024-06-21T19:56:13 IST" name="loginTestValidIDPass" data-provider="LoginData" finished-at="2024-06-21T19:56:15 IST" duration-ms="1470" status="PASS">
          <params>
            <param index="0">
              <value>
                <![CDATA[AAAA]]>
              </value>
            </param>
            <param index="1">
              <value>
                <![CDATA[admin123]]>
              </value>
            </param>
            <param index="2">
              <value>
                <![CDATA[login]]>
              </value>
            </param>
            <param index="3">
              <value>
                <![CDATA[Invalid ID Valid Pass]]>
              </value>
            </param>
          </params>
          <reporter-output>
          </reporter-output>
        </test-method> <!-- loginTestValidIDPass -->
        <test-method is-config="true" signature="captureScreenshotOnFailure(org.testng.ITestResult)[pri:0, instance:tests.LoginDDT@43f02ef2]" started-at="2024-06-21T19:56:15 IST" name="captureScreenshotOnFailure" finished-at="2024-06-21T19:56:15 IST" duration-ms="1" status="PASS">
          <params>
            <param index="0">
              <value>
                <![CDATA[[TestResult name=loginTestValidIDPass status=SUCCESS method=LoginDDT.loginTestValidIDPass(java.lang.String,java.lang.String,java.lang.String,java.lang.String)[pri:0, instance:tests.LoginDDT@43f02ef2] output={null}]]]>
              </value>
            </param>
          </params>
          <reporter-output>
          </reporter-output>
        </test-method> <!-- captureScreenshotOnFailure -->
        <test-method signature="loginTestValidIDPass(java.lang.String,java.lang.String,java.lang.String,java.lang.String)[pri:0, instance:tests.LoginDDT@43f02ef2]" started-at="2024-06-21T19:56:15 IST" name="loginTestValidIDPass" data-provider="LoginData" finished-at="2024-06-21T19:56:16 IST" duration-ms="1461" status="PASS">
          <params>
            <param index="0">
              <value>
                <![CDATA[Admina]]>
              </value>
            </param>
            <param index="1">
              <value>
                <![CDATA[Admina]]>
              </value>
            </param>
            <param index="2">
              <value>
                <![CDATA[login]]>
              </value>
            </param>
            <param index="3">
              <value>
                <![CDATA[Invalid ID and Pass]]>
              </value>
            </param>
          </params>
          <reporter-output>
          </reporter-output>
        </test-method> <!-- loginTestValidIDPass -->
        <test-method is-config="true" signature="captureScreenshotOnFailure(org.testng.ITestResult)[pri:0, instance:tests.LoginDDT@43f02ef2]" started-at="2024-06-21T19:56:16 IST" name="captureScreenshotOnFailure" finished-at="2024-06-21T19:56:16 IST" duration-ms="2" status="PASS">
          <params>
            <param index="0">
              <value>
                <![CDATA[[TestResult name=loginTestValidIDPass status=SUCCESS method=LoginDDT.loginTestValidIDPass(java.lang.String,java.lang.String,java.lang.String,java.lang.String)[pri:0, instance:tests.LoginDDT@43f02ef2] output={null}]]]>
              </value>
            </param>
          </params>
          <reporter-output>
          </reporter-output>
        </test-method> <!-- captureScreenshotOnFailure -->
        <test-method is-config="true" signature="tearDown()[pri:0, instance:tests.LoginDDT@43f02ef2]" started-at="2024-06-21T19:56:16 IST" name="tearDown" finished-at="2024-06-21T19:56:18 IST" duration-ms="1281" status="PASS">
          <reporter-output>
          </reporter-output>
        </test-method> <!-- tearDown -->
      </class> <!-- tests.LoginDDT -->
    </test> <!-- LoginTestDDT -->
    <test started-at="2024-06-21T19:56:18 IST" name="Login Test Invalid ID" finished-at="2024-06-21T19:56:32 IST" duration-ms="14866">
      <class name="tests.LoginTestInvalidID">
        <test-method is-config="true" signature="setup(java.lang.String)[pri:0, instance:tests.LoginTestInvalidID@2de56eb2]" started-at="2024-06-21T19:56:18 IST" name="setup" finished-at="2024-06-21T19:56:26 IST" duration-ms="8659" status="PASS">
          <params>
            <param index="0">
              <value>
                <![CDATA[chrome]]>
              </value>
            </param>
          </params>
          <reporter-output>
          </reporter-output>
        </test-method> <!-- setup -->
        <test-method signature="loginTestInValidIDPass()[pri:0, instance:tests.LoginTestInvalidID@2de56eb2]" started-at="2024-06-21T19:56:26 IST" name="loginTestInValidIDPass" finished-at="2024-06-21T19:56:29 IST" duration-ms="2299" status="FAIL">
          <exception class="java.lang.AssertionError">
            <message>
              <![CDATA[expected [true] but found [false]]]>
            </message>
            <full-stacktrace>
              <![CDATA[java.lang.AssertionError: expected [true] but found [false]
at org.testng.Assert.fail(Assert.java:111)
at org.testng.Assert.failNotEquals(Assert.java:1578)
at org.testng.Assert.assertTrue(Assert.java:57)
at org.testng.Assert.assertTrue(Assert.java:67)
at tests.LoginTestInvalidID.loginTestInValidIDPass(LoginTestInvalidID.java:37)
at java.base/jdk.internal.reflect.DirectMethodHandleAccessor.invoke(DirectMethodHandleAccessor.java:104)
at java.base/java.lang.reflect.Method.invoke(Method.java:578)
at org.testng.internal.invokers.MethodInvocationHelper.invokeMethod(MethodInvocationHelper.java:139)
at org.testng.internal.invokers.TestInvoker.invokeMethod(TestInvoker.java:664)
at org.testng.internal.invokers.TestInvoker.invokeTestMethod(TestInvoker.java:228)
at org.testng.internal.invokers.MethodRunner.runInSequence(MethodRunner.java:63)
at org.testng.internal.invokers.TestInvoker$MethodInvocationAgent.invoke(TestInvoker.java:961)
at org.testng.internal.invokers.TestInvoker.invokeTestMethods(TestInvoker.java:201)
at org.testng.internal.invokers.TestMethodWorker.invokeTestMethods(TestMethodWorker.java:148)
at org.testng.internal.invokers.TestMethodWorker.run(TestMethodWorker.java:128)
at java.base/java.util.ArrayList.forEach(ArrayList.java:1511)
at org.testng.TestRunner.privateRun(TestRunner.java:819)
at org.testng.TestRunner.run(TestRunner.java:619)
at org.testng.SuiteRunner.runTest(SuiteRunner.java:443)
at org.testng.SuiteRunner.runSequentially(SuiteRunner.java:437)
at org.testng.SuiteRunner.privateRun(SuiteRunner.java:397)
at org.testng.SuiteRunner.run(SuiteRunner.java:336)
at org.testng.SuiteRunnerWorker.runSuite(SuiteRunnerWorker.java:52)
at org.testng.SuiteRunnerWorker.run(SuiteRunnerWorker.java:95)
at org.testng.TestNG.runSuitesSequentially(TestNG.java:1301)
at org.testng.TestNG.runSuitesLocally(TestNG.java:1228)
at org.testng.TestNG.runSuites(TestNG.java:1134)
at org.testng.TestNG.run(TestNG.java:1101)
at org.testng.remote.AbstractRemoteTestNG.run(AbstractRemoteTestNG.java:115)
at org.testng.remote.RemoteTestNG.initAndRun(RemoteTestNG.java:293)
at org.testng.remote.RemoteTestNG.main(RemoteTestNG.java:91)
]]>
            </full-stacktrace>
          </exception> <!-- java.lang.AssertionError -->
          <reporter-output>
          </reporter-output>
        </test-method> <!-- loginTestInValidIDPass -->
        <test-method is-config="true" signature="captureScreenshotOnFailure(org.testng.ITestResult)[pri:0, instance:tests.LoginTestInvalidID@2de56eb2]" started-at="2024-06-21T19:56:29 IST" name="captureScreenshotOnFailure" finished-at="2024-06-21T19:56:31 IST" duration-ms="2377" status="PASS">
          <params>
            <param index="0">
              <value>
                <![CDATA[[TestResult name=loginTestInValidIDPass status=FAILURE method=LoginTestInvalidID.loginTestInValidIDPass()[pri:0, instance:tests.LoginTestInvalidID@2de56eb2] output={null}]]]>
              </value>
            </param>
          </params>
          <reporter-output>
          </reporter-output>
        </test-method> <!-- captureScreenshotOnFailure -->
        <test-method is-config="true" signature="tearDown()[pri:0, instance:tests.LoginTestInvalidID@2de56eb2]" started-at="2024-06-21T19:56:31 IST" name="tearDown" finished-at="2024-06-21T19:56:32 IST" duration-ms="1521" status="PASS">
          <reporter-output>
          </reporter-output>
        </test-method> <!-- tearDown -->
      </class> <!-- tests.LoginTestInvalidID -->
    </test> <!-- Login Test Invalid ID -->
    <test started-at="2024-06-21T19:56:32 IST" name="Login Administrator" finished-at="2024-06-21T19:56:49 IST" duration-ms="16491">
      <class name="tests.AdministratorLoginTest">
        <test-method is-config="true" signature="setup(java.lang.String)[pri:0, instance:tests.AdministratorLoginTest@17bffc17]" started-at="2024-06-21T19:56:32 IST" name="setup" finished-at="2024-06-21T19:56:41 IST" duration-ms="8762" status="PASS">
          <params>
            <param index="0">
              <value>
                <![CDATA[chrome]]>
              </value>
            </param>
          </params>
          <reporter-output>
          </reporter-output>
        </test-method> <!-- setup -->
        <test-method signature="loginTestValidIDPass()[pri:0, instance:tests.AdministratorLoginTest@17bffc17]" started-at="2024-06-21T19:56:41 IST" name="loginTestValidIDPass" finished-at="2024-06-21T19:56:48 IST" duration-ms="6751" status="PASS">
          <reporter-output>
          </reporter-output>
        </test-method> <!-- loginTestValidIDPass -->
        <test-method is-config="true" signature="captureScreenshotOnFailure(org.testng.ITestResult)[pri:0, instance:tests.AdministratorLoginTest@17bffc17]" started-at="2024-06-21T19:56:48 IST" name="captureScreenshotOnFailure" finished-at="2024-06-21T19:56:48 IST" duration-ms="1" status="PASS">
          <params>
            <param index="0">
              <value>
                <![CDATA[[TestResult name=loginTestValidIDPass status=SUCCESS method=AdministratorLoginTest.loginTestValidIDPass()[pri:0, instance:tests.AdministratorLoginTest@17bffc17] output={null}]]]>
              </value>
            </param>
          </params>
          <reporter-output>
          </reporter-output>
        </test-method> <!-- captureScreenshotOnFailure -->
        <test-method is-config="true" signature="tearDown()[pri:0, instance:tests.AdministratorLoginTest@17bffc17]" started-at="2024-06-21T19:56:48 IST" name="tearDown" finished-at="2024-06-21T19:56:49 IST" duration-ms="974" status="PASS">
          <reporter-output>
          </reporter-output>
        </test-method> <!-- tearDown -->
      </class> <!-- tests.AdministratorLoginTest -->
    </test> <!-- Login Administrator -->
    <test started-at="2024-06-21T19:56:49 IST" name="Admin System User Search" finished-at="2024-06-21T19:57:04 IST" duration-ms="15141">
      <class name="tests.AdminSystemUserSearch">
        <test-method is-config="true" signature="setupSuite(java.lang.String)[pri:0, instance:tests.AdminSystemUserSearch@48e1f6c7]" started-at="2024-06-21T19:55:36 IST" name="setupSuite" finished-at="2024-06-21T19:55:36 IST" duration-ms="624" status="PASS">
          <params>
            <param index="0">
              <value>
                <![CDATA[chrome]]>
              </value>
            </param>
          </params>
          <reporter-output>
          </reporter-output>
        </test-method> <!-- setupSuite -->
        <test-method is-config="true" signature="setup(java.lang.String)[pri:0, instance:tests.AdminSystemUserSearch@48e1f6c7]" started-at="2024-06-21T19:56:49 IST" name="setup" finished-at="2024-06-21T19:56:57 IST" duration-ms="8350" status="PASS">
          <params>
            <param index="0">
              <value>
                <![CDATA[chrome]]>
              </value>
            </param>
          </params>
          <reporter-output>
          </reporter-output>
        </test-method> <!-- setup -->
        <test-method signature="test()[pri:0, instance:tests.AdminSystemUserSearch@48e1f6c7]" started-at="2024-06-21T19:56:57 IST" name="test" finished-at="2024-06-21T19:57:03 IST" duration-ms="5797" status="PASS">
          <reporter-output>
          </reporter-output>
        </test-method> <!-- test -->
        <test-method is-config="true" signature="captureScreenshotOnFailure(org.testng.ITestResult)[pri:0, instance:tests.AdminSystemUserSearch@48e1f6c7]" started-at="2024-06-21T19:57:03 IST" name="captureScreenshotOnFailure" finished-at="2024-06-21T19:57:03 IST" duration-ms="0" status="PASS">
          <params>
            <param index="0">
              <value>
                <![CDATA[[TestResult name=test status=SUCCESS method=AdminSystemUserSearch.test()[pri:0, instance:tests.AdminSystemUserSearch@48e1f6c7] output={null}]]]>
              </value>
            </param>
          </params>
          <reporter-output>
          </reporter-output>
        </test-method> <!-- captureScreenshotOnFailure -->
        <test-method is-config="true" signature="tearDown()[pri:0, instance:tests.AdminSystemUserSearch@48e1f6c7]" started-at="2024-06-21T19:57:03 IST" name="tearDown" finished-at="2024-06-21T19:57:04 IST" duration-ms="988" status="PASS">
          <reporter-output>
          </reporter-output>
        </test-method> <!-- tearDown -->
        <test-method is-config="true" signature="tearDownSuite()[pri:0, instance:tests.AdminSystemUserSearch@48e1f6c7]" started-at="2024-06-21T19:57:04 IST" name="tearDownSuite" finished-at="2024-06-21T19:57:05 IST" duration-ms="498" status="PASS">
          <reporter-output>
          </reporter-output>
        </test-method> <!-- tearDownSuite -->
      </class> <!-- tests.AdminSystemUserSearch -->
    </test> <!-- Admin System User Search -->
  </suite> <!-- DeomSuite -->
</testng-results>
