<?xml version="1.0" encoding="UTF-8"?>
<testng-results ignored="0" total="1" passed="1" failed="0" skipped="0">
  <reporter-output>
  </reporter-output>
  <suite started-at="2024-06-06T16:29:04 IST" name="Default suite" finished-at="2024-06-06T16:29:10 IST" duration-ms="6045">
    <groups>
    </groups>
    <test started-at="2024-06-06T16:29:04 IST" name="Default test" finished-at="2024-06-06T16:29:10 IST" duration-ms="6045">
      <class name="tests.GetApi">
        <test-method is-config="true" signature="setup()[pri:0, instance:tests.GetApi@5f049ea1]" started-at="2024-06-06T16:29:04 IST" name="setup" finished-at="2024-06-06T16:29:08 IST" duration-ms="4908" status="PASS">
          <reporter-output>
          </reporter-output>
        </test-method> <!-- setup -->
        <test-method signature="getUserApiTest()[pri:0, instance:tests.GetApi@5f049ea1]" started-at="2024-06-06T16:29:09 IST" name="getUserApiTest" finished-at="2024-06-06T16:29:10 IST" duration-ms="1039" status="PASS">
          <reporter-output>
          </reporter-output>
        </test-method> <!-- getUserApiTest -->
      </class> <!-- tests.GetApi -->
    </test> <!-- Default test -->
  </suite> <!-- Default suite -->
</testng-results>
